This is pdfTeX, Version 3.14159265-2.6-1.40.20 (MiKTeX 2.9.7140 64-bit) (preloaded format=pdflatex 2019.9.24)  2 OCT 2020 11:15
entering extended mode
**./MECH6325-CA1.tex
(MECH6325-CA1.tex
LaTeX2e <2018-12-01>
("C:\Users\Jonas\AppData\Local\Programs\MiKTeX 2.9\tex/latex/base\article.cls"
Document Class: article 2018/09/03 v1.4i Standard LaTeX document class
("C:\Users\Jonas\AppData\Local\Programs\MiKTeX 2.9\tex/latex/base\size10.clo"
File: size10.clo 2018/09/03 v1.4i Standard LaTeX file (size option)
)
\c@part=\count80
\c@section=\count81
\c@subsection=\count82
\c@subsubsection=\count83
\c@paragraph=\count84
\c@subparagraph=\count85
\c@figure=\count86
\c@table=\count87
\abovecaptionskip=\skip41
\belowcaptionskip=\skip42
\bibindent=\dimen102
)
("C:\Users\Jonas\AppData\Local\Programs\MiKTeX 2.9\tex/latex/geometry\geometry.
sty"
Package: geometry 2018/04/16 v5.8 Page Geometry

("C:\Users\Jonas\AppData\Local\Programs\MiKTeX 2.9\tex/latex/graphics\keyval.st
y"
Package: keyval 2014/10/28 v1.15 key=value parser (DPC)
\KV@toks@=\toks14
)
("C:\Users\Jonas\AppData\Local\Programs\MiKTeX 2.9\tex/generic/oberdiek\ifpdf.s
ty"
Package: ifpdf 2018/09/07 v3.3 Provides the ifpdf switch
)
("C:\Users\Jonas\AppData\Local\Programs\MiKTeX 2.9\tex/generic/oberdiek\ifvtex.
sty"
Package: ifvtex 2016/05/16 v1.6 Detect VTeX and its facilities (HO)
Package ifvtex Info: VTeX not detected.
)
("C:\Users\Jonas\AppData\Local\Programs\MiKTeX 2.9\tex/generic/ifxetex\ifxetex.
sty"
Package: ifxetex 2010/09/12 v0.6 Provides ifxetex conditional
)
\Gm@cnth=\count88
\Gm@cntv=\count89
\c@Gm@tempcnt=\count90
\Gm@bindingoffset=\dimen103
\Gm@wd@mp=\dimen104
\Gm@odd@mp=\dimen105
\Gm@even@mp=\dimen106
\Gm@layoutwidth=\dimen107
\Gm@layoutheight=\dimen108
\Gm@layouthoffset=\dimen109
\Gm@layoutvoffset=\dimen110
\Gm@dimlist=\toks15

("C:\Users\Jonas\AppData\Local\Programs\MiKTeX 2.9\tex/latex/geometry\geometry.
cfg"))
("C:\Users\Jonas\AppData\Local\Programs\MiKTeX 2.9\tex/latex/amsmath\amsmath.st
y"
Package: amsmath 2018/12/01 v2.17b AMS math features
\@mathmargin=\skip43

For additional information on amsmath, use the `?' option.

("C:\Users\Jonas\AppData\Local\Programs\MiKTeX 2.9\tex/latex/amsmath\amstext.st
y"
Package: amstext 2000/06/29 v2.01 AMS text

("C:\Users\Jonas\AppData\Local\Programs\MiKTeX 2.9\tex/latex/amsmath\amsgen.sty
"
File: amsgen.sty 1999/11/30 v2.0 generic functions
\@emptytoks=\toks16
\ex@=\dimen111
))
("C:\Users\Jonas\AppData\Local\Programs\MiKTeX 2.9\tex/latex/amsmath\amsbsy.sty
"
Package: amsbsy 1999/11/29 v1.2d Bold Symbols
\pmbraise@=\dimen112
)
("C:\Users\Jonas\AppData\Local\Programs\MiKTeX 2.9\tex/latex/amsmath\amsopn.sty
"
Package: amsopn 2016/03/08 v2.02 operator names
)
\inf@bad=\count91
LaTeX Info: Redefining \frac on input line 223.
\uproot@=\count92
\leftroot@=\count93
LaTeX Info: Redefining \overline on input line 385.
\classnum@=\count94
\DOTSCASE@=\count95
LaTeX Info: Redefining \ldots on input line 482.
LaTeX Info: Redefining \dots on input line 485.
LaTeX Info: Redefining \cdots on input line 606.
\Mathstrutbox@=\box27
\strutbox@=\box28
\big@size=\dimen113
LaTeX Font Info:    Redeclaring font encoding OML on input line 729.
LaTeX Font Info:    Redeclaring font encoding OMS on input line 730.
\macc@depth=\count96
\c@MaxMatrixCols=\count97
\dotsspace@=\muskip10
\c@parentequation=\count98
\dspbrk@lvl=\count99
\tag@help=\toks17
\row@=\count100
\column@=\count101
\maxfields@=\count102
\andhelp@=\toks18
\eqnshift@=\dimen114
\alignsep@=\dimen115
\tagshift@=\dimen116
\tagwidth@=\dimen117
\totwidth@=\dimen118
\lineht@=\dimen119
\@envbody=\toks19
\multlinegap=\skip44
\multlinetaggap=\skip45
\mathdisplay@stack=\toks20
LaTeX Info: Redefining \[ on input line 2844.
LaTeX Info: Redefining \] on input line 2845.
)
("C:\Users\Jonas\AppData\Local\Programs\MiKTeX 2.9\tex/latex/amsfonts\amsfonts.
sty"
Package: amsfonts 2013/01/14 v3.01 Basic AMSFonts support
\symAMSa=\mathgroup4
\symAMSb=\mathgroup5
LaTeX Font Info:    Overwriting math alphabet `\mathfrak' in version `bold'
(Font)                  U/euf/m/n --> U/euf/b/n on input line 106.
)
("C:\Users\Jonas\AppData\Local\Programs\MiKTeX 2.9\tex/latex/physics\physics.st
y"
Package: physics 

("C:\Users\Jonas\AppData\Local\Programs\MiKTeX 2.9\tex/latex/l3packages/xparse\
xparse.sty"
("C:\Users\Jonas\AppData\Local\Programs\MiKTeX 2.9\tex/latex/l3kernel\expl3.sty
"
Package: expl3 2019-09-08 L3 programming layer (loader) 

("C:\Users\Jonas\AppData\Local\Programs\MiKTeX 2.9\tex/latex/l3kernel\expl3-cod
e.tex"
Package: expl3 2019-09-08 L3 programming layer (code)
\c_max_int=\count103
\l_tmpa_int=\count104
\l_tmpb_int=\count105
\g_tmpa_int=\count106
\g_tmpb_int=\count107
\g__kernel_prg_map_int=\count108
\c__ior_term_noprompt_ior=\count109
\c_log_iow=\count110
\l_iow_line_count_int=\count111
\l__iow_line_target_int=\count112
\l__iow_one_indent_int=\count113
\l__iow_indent_int=\count114
\c_zero_dim=\dimen120
\c_max_dim=\dimen121
\l_tmpa_dim=\dimen122
\l_tmpb_dim=\dimen123
\g_tmpa_dim=\dimen124
\g_tmpb_dim=\dimen125
\c_zero_skip=\skip46
\c_max_skip=\skip47
\l_tmpa_skip=\skip48
\l_tmpb_skip=\skip49
\g_tmpa_skip=\skip50
\g_tmpb_skip=\skip51
\c_zero_muskip=\muskip11
\c_max_muskip=\muskip12
\l_tmpa_muskip=\muskip13
\l_tmpb_muskip=\muskip14
\g_tmpa_muskip=\muskip15
\g_tmpb_muskip=\muskip16
\l_keys_choice_int=\count115
\l__intarray_loop_int=\count116
\c__intarray_sp_dim=\dimen126
\g__intarray_font_int=\count117
\c__fp_leading_shift_int=\count118
\c__fp_middle_shift_int=\count119
\c__fp_trailing_shift_int=\count120
\c__fp_big_leading_shift_int=\count121
\c__fp_big_middle_shift_int=\count122
\c__fp_big_trailing_shift_int=\count123
\c__fp_Bigg_leading_shift_int=\count124
\c__fp_Bigg_middle_shift_int=\count125
\c__fp_Bigg_trailing_shift_int=\count126
\c__kernel_randint_max_int=\count127
\g__fp_array_int=\count128
\l__fp_array_loop_int=\count129
\l__sort_length_int=\count130
\l__sort_min_int=\count131
\l__sort_top_int=\count132
\l__sort_max_int=\count133
\l__sort_true_max_int=\count134
\l__sort_block_int=\count135
\l__sort_begin_int=\count136
\l__sort_end_int=\count137
\l__sort_A_int=\count138
\l__sort_B_int=\count139
\l__sort_C_int=\count140
\l__str_internal_int=\count141
\c__str_replacement_char_int=\count142
\l__tl_analysis_normal_int=\count143
\l__tl_analysis_index_int=\count144
\l__tl_analysis_nesting_int=\count145
\l__tl_analysis_type_int=\count146
\l__regex_internal_a_int=\count147
\l__regex_internal_b_int=\count148
\l__regex_internal_c_int=\count149
\l__regex_balance_int=\count150
\l__regex_group_level_int=\count151
\l__regex_mode_int=\count152
\c__regex_cs_in_class_mode_int=\count153
\c__regex_cs_mode_int=\count154
\l__regex_catcodes_int=\count155
\l__regex_default_catcodes_int=\count156
\c__regex_catcode_D_int=\count157
\c__regex_catcode_S_int=\count158
\c__regex_catcode_L_int=\count159
\c__regex_catcode_O_int=\count160
\c__regex_catcode_A_int=\count161
\c__regex_all_catcodes_int=\count162
\l__regex_show_lines_int=\count163
\l__regex_min_state_int=\count164
\l__regex_max_state_int=\count165
\l__regex_left_state_int=\count166
\l__regex_right_state_int=\count167
\l__regex_capturing_group_int=\count168
\l__regex_min_pos_int=\count169
\l__regex_max_pos_int=\count170
\l__regex_curr_pos_int=\count171
\l__regex_start_pos_int=\count172
\l__regex_success_pos_int=\count173
\l__regex_curr_char_int=\count174
\l__regex_curr_catcode_int=\count175
\l__regex_last_char_int=\count176
\l__regex_case_changed_char_int=\count177
\l__regex_curr_state_int=\count178
\l__regex_step_int=\count179
\l__regex_min_active_int=\count180
\l__regex_max_active_int=\count181
\l__regex_replacement_csnames_int=\count182
\l__regex_match_count_int=\count183
\l__regex_min_submatch_int=\count184
\l__regex_submatch_int=\count185
\l__regex_zeroth_submatch_int=\count186
\g__regex_trace_regex_int=\count187
\c_empty_box=\box29
\l_tmpa_box=\box30
\l_tmpb_box=\box31
\g_tmpa_box=\box32
\g_tmpb_box=\box33
\l__box_top_dim=\dimen127
\l__box_bottom_dim=\dimen128
\l__box_left_dim=\dimen129
\l__box_right_dim=\dimen130
\l__box_top_new_dim=\dimen131
\l__box_bottom_new_dim=\dimen132
\l__box_left_new_dim=\dimen133
\l__box_right_new_dim=\dimen134
\l__box_internal_box=\box34
\l__coffin_internal_box=\box35
\l__coffin_internal_dim=\dimen135
\l__coffin_offset_x_dim=\dimen136
\l__coffin_offset_y_dim=\dimen137
\l__coffin_x_dim=\dimen138
\l__coffin_y_dim=\dimen139
\l__coffin_x_prime_dim=\dimen140
\l__coffin_y_prime_dim=\dimen141
\c_empty_coffin=\box36
\l__coffin_aligned_coffin=\box37
\l__coffin_aligned_internal_coffin=\box38
\l_tmpa_coffin=\box39
\l_tmpb_coffin=\box40
\g_tmpa_coffin=\box41
\g_tmpb_coffin=\box42
\l__coffin_bounding_shift_dim=\dimen142
\l__coffin_left_corner_dim=\dimen143
\l__coffin_right_corner_dim=\dimen144
\l__coffin_bottom_corner_dim=\dimen145
\l__coffin_top_corner_dim=\dimen146
\l__coffin_scaled_total_height_dim=\dimen147
\l__coffin_scaled_width_dim=\dimen148
\c__coffin_empty_coffin=\box43
\l__coffin_display_coffin=\box44
\l__coffin_display_coord_coffin=\box45
\l__coffin_display_pole_coffin=\box46
\l__coffin_display_offset_dim=\dimen149
\l__coffin_display_x_dim=\dimen150
\l__coffin_display_y_dim=\dimen151
\g__char_data_ior=\read1
\l__seq_internal_a_int=\count188
\l__seq_internal_b_int=\count189
)
("C:\Users\Jonas\AppData\Local\Programs\MiKTeX 2.9\tex/latex/l3backend\l3backen
d-pdfmode.def"
File: l3backend-pdfmode.def 2019-04-06 v L3 backend support: PDF mode
\l__kernel_color_stack_int=\count190
\l__pdf_internal_box=\box47
))
Package: xparse 2019-05-28 L3 Experimental document command parser
\l__xparse_current_arg_int=\count191
\g__xparse_grabber_int=\count192
\l__xparse_m_args_int=\count193
\l__xparse_v_nesting_int=\count194
))
("C:\Users\Jonas\AppData\Local\Programs\MiKTeX 2.9\tex/latex/graphics\graphicx.
sty"
Package: graphicx 2017/06/01 v1.1a Enhanced LaTeX Graphics (DPC,SPQR)

("C:\Users\Jonas\AppData\Local\Programs\MiKTeX 2.9\tex/latex/graphics\graphics.
sty"
Package: graphics 2017/06/25 v1.2c Standard LaTeX Graphics (DPC,SPQR)

("C:\Users\Jonas\AppData\Local\Programs\MiKTeX 2.9\tex/latex/graphics\trig.sty"
Package: trig 2016/01/03 v1.10 sin cos tan (DPC)
)
("C:\Users\Jonas\AppData\Local\Programs\MiKTeX 2.9\tex/latex/graphics-cfg\graph
ics.cfg"
File: graphics.cfg 2016/06/04 v1.11 sample graphics configuration
)
Package graphics Info: Driver file: pdftex.def on input line 99.

("C:\Users\Jonas\AppData\Local\Programs\MiKTeX 2.9\tex/latex/graphics-def\pdfte
x.def"
File: pdftex.def 2018/01/08 v1.0l Graphics/color driver for pdftex
))
\Gin@req@height=\dimen152
\Gin@req@width=\dimen153
)
("C:\Users\Jonas\AppData\Local\Programs\MiKTeX 2.9\tex/latex/cancel\cancel.sty"
Package: cancel 2013/04/12 v2.2 Cancel math terms
)
("C:\Users\Jonas\AppData\Local\Programs\MiKTeX 2.9\tex/latex/setspace\setspace.
sty"
Package: setspace 2011/12/19 v6.7a set line spacing
)
("C:\Users\Jonas\AppData\Local\Programs\MiKTeX 2.9\tex/latex/fancyvrb\fancyvrb.
sty"
Package: fancyvrb 2019/01/15
 Style option: `fancyvrb' v3.2a <2019/01/15> (tvz)
\FV@CodeLineNo=\count195
\FV@InFile=\read2
\FV@TabBox=\box48
\c@FancyVerbLine=\count196
\FV@StepNumber=\count197
\FV@OutFile=\write3
) (MECH6325-CA1.aux)
\openout1 = `MECH6325-CA1.aux'.

LaTeX Font Info:    Checking defaults for OML/cmm/m/it on input line 23.
LaTeX Font Info:    ... okay on input line 23.
LaTeX Font Info:    Checking defaults for T1/cmr/m/n on input line 23.
LaTeX Font Info:    ... okay on input line 23.
LaTeX Font Info:    Checking defaults for OT1/cmr/m/n on input line 23.
LaTeX Font Info:    ... okay on input line 23.
LaTeX Font Info:    Checking defaults for OMS/cmsy/m/n on input line 23.
LaTeX Font Info:    ... okay on input line 23.
LaTeX Font Info:    Checking defaults for OMX/cmex/m/n on input line 23.
LaTeX Font Info:    ... okay on input line 23.
LaTeX Font Info:    Checking defaults for U/cmr/m/n on input line 23.
LaTeX Font Info:    ... okay on input line 23.

*geometry* driver: auto-detecting
*geometry* detected driver: pdftex
*geometry* verbose mode - [ preamble ] result:
* driver: pdftex
* paper: <default>
* layout: <same size as paper>
* layoutoffset:(h,v)=(0.0pt,0.0pt)
* modes: 
* h-part:(L,W,R)=(92.14519pt, 430.00462pt, 92.14519pt)
* v-part:(T,H,B)=(95.39737pt, 556.47656pt, 143.09605pt)
* \paperwidth=614.295pt
* \paperheight=794.96999pt
* \textwidth=430.00462pt
* \textheight=556.47656pt
* \oddsidemargin=19.8752pt
* \evensidemargin=19.8752pt
* \topmargin=-13.87262pt
* \headheight=12.0pt
* \headsep=25.0pt
* \topskip=10.0pt
* \footskip=30.0pt
* \marginparwidth=65.0pt
* \marginparsep=11.0pt
* \columnsep=10.0pt
* \skip\footins=9.0pt plus 4.0pt minus 2.0pt
* \hoffset=0.0pt
* \voffset=0.0pt
* \mag=1000
* \@twocolumnfalse
* \@twosidefalse
* \@mparswitchfalse
* \@reversemarginfalse
* (1in=72.27pt=25.4mm, 1cm=28.453pt)


("C:\Users\Jonas\AppData\Local\Programs\MiKTeX 2.9\tex/context/base/mkii\supp-p
df.mkii"
[Loading MPS to PDF converter (version 2006.09.02).]
\scratchcounter=\count198
\scratchdimen=\dimen154
\scratchbox=\box49
\nofMPsegments=\count199
\nofMParguments=\count266
\everyMPshowfont=\toks21
\MPscratchCnt=\count267
\MPscratchDim=\dimen155
\MPnumerator=\count268
\makeMPintoPDFobject=\count269
\everyMPtoPDFconversion=\toks22
)
("C:\Users\Jonas\AppData\Local\Programs\MiKTeX 2.9\tex/latex/oberdiek\epstopdf-
base.sty"
Package: epstopdf-base 2016/05/15 v2.6 Base part for package epstopdf

("C:\Users\Jonas\AppData\Local\Programs\MiKTeX 2.9\tex/generic/oberdiek\infware
rr.sty"
Package: infwarerr 2016/05/16 v1.4 Providing info/warning/error messages (HO)
)
("C:\Users\Jonas\AppData\Local\Programs\MiKTeX 2.9\tex/latex/oberdiek\grfext.st
y"
Package: grfext 2016/05/16 v1.2 Manage graphics extensions (HO)

("C:\Users\Jonas\AppData\Local\Programs\MiKTeX 2.9\tex/generic/oberdiek\kvdefin
ekeys.sty"
Package: kvdefinekeys 2016/05/16 v1.4 Define keys (HO)

("C:\Users\Jonas\AppData\Local\Programs\MiKTeX 2.9\tex/generic/oberdiek\ltxcmds
.sty"
Package: ltxcmds 2016/05/16 v1.23 LaTeX kernel commands for general use (HO)
)))
("C:\Users\Jonas\AppData\Local\Programs\MiKTeX 2.9\tex/latex/oberdiek\kvoptions
.sty"
Package: kvoptions 2016/05/16 v3.12 Key value format for package options (HO)

("C:\Users\Jonas\AppData\Local\Programs\MiKTeX 2.9\tex/generic/oberdiek\kvsetke
ys.sty"
Package: kvsetkeys 2016/05/16 v1.17 Key value parser (HO)

("C:\Users\Jonas\AppData\Local\Programs\MiKTeX 2.9\tex/generic/oberdiek\etexcmd
s.sty"
Package: etexcmds 2016/05/16 v1.6 Avoid name clashes with e-TeX commands (HO)

("C:\Users\Jonas\AppData\Local\Programs\MiKTeX 2.9\tex/generic/oberdiek\ifluate
x.sty"
Package: ifluatex 2016/05/16 v1.4 Provides the ifluatex switch (HO)
Package ifluatex Info: LuaTeX not detected.
))))
("C:\Users\Jonas\AppData\Local\Programs\MiKTeX 2.9\tex/generic/oberdiek\pdftexc
mds.sty"
Package: pdftexcmds 2019/07/25 v0.30 Utility functions of pdfTeX for LuaTeX (HO
)
Package pdftexcmds Info: LuaTeX not detected.
Package pdftexcmds Info: \pdf@primitive is available.
Package pdftexcmds Info: \pdf@ifprimitive is available.
Package pdftexcmds Info: \pdfdraftmode found.
)
Package epstopdf-base Info: Redefining graphics rule for `.eps' on input line 4
38.
Package grfext Info: Graphics extension search list:
(grfext)             [.pdf,.png,.jpg,.mps,.jpeg,.jbig2,.jb2,.PDF,.PNG,.JPG,.JPE
G,.JBIG2,.JB2,.eps]
(grfext)             \AppendGraphicsExtensions on input line 456.
)
LaTeX Font Info:    Try loading font information for U+msa on input line 25.

("C:\Users\Jonas\AppData\Local\Programs\MiKTeX 2.9\tex/latex/amsfonts\umsa.fd"
File: umsa.fd 2013/01/14 v3.01 AMS symbols A
)
LaTeX Font Info:    Try loading font information for U+msb on input line 25.
("C:\Users\Jonas\AppData\Local\Programs\MiKTeX 2.9\tex/latex/amsfonts\umsb.fd"
File: umsb.fd 2013/01/14 v3.01 AMS symbols B
) [1

{C:/Users/Jonas/AppData/Local/MiKTeX/2.9/pdftex/config/pdftex.map}] [2]
[3]
<fig/MECH6325_CA1_pblm2_n=2.png, id=23, 421.575pt x 316.0608pt>
File: fig/MECH6325_CA1_pblm2_n=2.png Graphic file (type png)
<use fig/MECH6325_CA1_pblm2_n=2.png>
Package pdftex.def Info: fig/MECH6325_CA1_pblm2_n=2.png  used on input line 125
.
(pdftex.def)             Requested size: 301.00192pt x 225.66827pt.
<fig/MECH6325_CA1_pblm2_n=3.png, id=24, 421.575pt x 316.0608pt>
File: fig/MECH6325_CA1_pblm2_n=3.png Graphic file (type png)
<use fig/MECH6325_CA1_pblm2_n=3.png>
Package pdftex.def Info: fig/MECH6325_CA1_pblm2_n=3.png  used on input line 135
.
(pdftex.def)             Requested size: 258.00539pt x 193.4334pt.
<fig/MECH6325_CA1_pblm2_n=5.png, id=25, 421.575pt x 316.0608pt>
File: fig/MECH6325_CA1_pblm2_n=5.png Graphic file (type png)
<use fig/MECH6325_CA1_pblm2_n=5.png>
Package pdftex.def Info: fig/MECH6325_CA1_pblm2_n=5.png  used on input line 136
.
(pdftex.def)             Requested size: 258.00539pt x 193.4334pt.
<fig/MECH6325_CA1_pblm2_n=7.png, id=26, 421.575pt x 316.0608pt>
File: fig/MECH6325_CA1_pblm2_n=7.png Graphic file (type png)
<use fig/MECH6325_CA1_pblm2_n=7.png>
Package pdftex.def Info: fig/MECH6325_CA1_pblm2_n=7.png  used on input line 137
.
(pdftex.def)             Requested size: 258.00539pt x 193.4334pt.


LaTeX Warning: Float too large for page by 61.76807pt on input line 140.

[4 <./fig/MECH6325_CA1_pblm2_n=2.png (PNG copy)>] [5 <./fig/MECH6325_CA1_pblm2_
n=3.png (PNG copy)> <./fig/MECH6325_CA1_pblm2_n=5.png (PNG copy)> <./fig/MECH63
25_CA1_pblm2_n=7.png (PNG copy)>]
<fig/MECH6325_CA1_pblm3_n=7.png, id=33, 421.575pt x 316.0608pt>
File: fig/MECH6325_CA1_pblm3_n=7.png Graphic file (type png)
<use fig/MECH6325_CA1_pblm3_n=7.png>
Package pdftex.def Info: fig/MECH6325_CA1_pblm3_n=7.png  used on input line 150
.
(pdftex.def)             Requested size: 322.50346pt x 241.79054pt.
<fig/MECH6325_CA1_pblm3_n=8.png, id=34, 421.575pt x 316.0608pt>
File: fig/MECH6325_CA1_pblm3_n=8.png Graphic file (type png)
<use fig/MECH6325_CA1_pblm3_n=8.png>
Package pdftex.def Info: fig/MECH6325_CA1_pblm3_n=8.png  used on input line 161
.
(pdftex.def)             Requested size: 258.00539pt x 193.4334pt.
<fig/MECH6325_CA1_pblm3_n=10.png, id=35, 421.575pt x 316.0608pt>
File: fig/MECH6325_CA1_pblm3_n=10.png Graphic file (type png)
<use fig/MECH6325_CA1_pblm3_n=10.png>
Package pdftex.def Info: fig/MECH6325_CA1_pblm3_n=10.png  used on input line 16
2.
(pdftex.def)             Requested size: 258.00539pt x 193.4334pt.
<fig/MECH6325_CA1_pblm3_n=11.png, id=36, 421.575pt x 316.0608pt>
File: fig/MECH6325_CA1_pblm3_n=11.png Graphic file (type png)
<use fig/MECH6325_CA1_pblm3_n=11.png>
Package pdftex.def Info: fig/MECH6325_CA1_pblm3_n=11.png  used on input line 16
3.
(pdftex.def)             Requested size: 258.00539pt x 193.4334pt.


LaTeX Warning: Float too large for page by 61.76807pt on input line 166.

[6 <./fig/MECH6325_CA1_pblm3_n=7.png (PNG copy)>] [7 <./fig/MECH6325_CA1_pblm3_
n=8.png (PNG copy)> <./fig/MECH6325_CA1_pblm3_n=10.png (PNG copy)> <./fig/MECH6
325_CA1_pblm3_n=11.png (PNG copy)>] [8]
<fig/MECH6325_CA1_pblm3_iv_n=7N1(4)N2(0).png, id=47, 421.575pt x 316.0608pt>
File: fig/MECH6325_CA1_pblm3_iv_n=7N1(4)N2(0).png Graphic file (type png)
<use fig/MECH6325_CA1_pblm3_iv_n=7N1(4)N2(0).png>
Package pdftex.def Info: fig/MECH6325_CA1_pblm3_iv_n=7N1(4)N2(0).png  used on i
nput line 200.
(pdftex.def)             Requested size: 258.00539pt x 193.4334pt.
<fig/MECH6325_CA1_pblm3_iv_n=7N1(0)N2(4).png, id=48, 421.575pt x 316.0608pt>
File: fig/MECH6325_CA1_pblm3_iv_n=7N1(0)N2(4).png Graphic file (type png)
<use fig/MECH6325_CA1_pblm3_iv_n=7N1(0)N2(4).png>
Package pdftex.def Info: fig/MECH6325_CA1_pblm3_iv_n=7N1(0)N2(4).png  used on i
nput line 201.
(pdftex.def)             Requested size: 258.00539pt x 193.4334pt.
 [9 <./fig/MECH6325_CA1_pblm3_iv_n=7N1(4)N2(0).png (PNG copy)> <./fig/MECH6325_
CA1_pblm3_iv_n=7N1(0)N2(4).png (PNG copy)>] [10] [11] [12] [13]
File: fig/MECH6325_CA1_pblm2_n=2.png Graphic file (type png)
<use fig/MECH6325_CA1_pblm2_n=2.png>
Package pdftex.def Info: fig/MECH6325_CA1_pblm2_n=2.png  used on input line 403
.
(pdftex.def)             Requested size: 301.00192pt x 225.66827pt.
File: fig/MECH6325_CA1_pblm2_n=3.png Graphic file (type png)
<use fig/MECH6325_CA1_pblm2_n=3.png>
Package pdftex.def Info: fig/MECH6325_CA1_pblm2_n=3.png  used on input line 410
.
(pdftex.def)             Requested size: 301.00192pt x 225.66827pt.


LaTeX Warning: `h' float specifier changed to `ht'.

<fig/MECH6325_CA1_pblm2_n=4.png, id=66, 421.575pt x 316.0608pt>
File: fig/MECH6325_CA1_pblm2_n=4.png Graphic file (type png)
<use fig/MECH6325_CA1_pblm2_n=4.png>
Package pdftex.def Info: fig/MECH6325_CA1_pblm2_n=4.png  used on input line 417
.
(pdftex.def)             Requested size: 301.00192pt x 225.66827pt.

LaTeX Warning: `h' float specifier changed to `ht'.

File: fig/MECH6325_CA1_pblm2_n=5.png Graphic file (type png)
<use fig/MECH6325_CA1_pblm2_n=5.png>
Package pdftex.def Info: fig/MECH6325_CA1_pblm2_n=5.png  used on input line 424
.
(pdftex.def)             Requested size: 301.00192pt x 225.66827pt.

LaTeX Warning: `h' float specifier changed to `ht'.

<fig/MECH6325_CA1_pblm2_n=6.png, id=67, 421.575pt x 316.0608pt>
File: fig/MECH6325_CA1_pblm2_n=6.png Graphic file (type png)
<use fig/MECH6325_CA1_pblm2_n=6.png>
Package pdftex.def Info: fig/MECH6325_CA1_pblm2_n=6.png  used on input line 431
.
(pdftex.def)             Requested size: 301.00192pt x 225.66827pt.

LaTeX Warning: `h' float specifier changed to `ht'.

File: fig/MECH6325_CA1_pblm2_n=7.png Graphic file (type png)
<use fig/MECH6325_CA1_pblm2_n=7.png>
Package pdftex.def Info: fig/MECH6325_CA1_pblm2_n=7.png  used on input line 438
.
(pdftex.def)             Requested size: 301.00192pt x 225.66827pt.

LaTeX Warning: `h' float specifier changed to `ht'.

File: fig/MECH6325_CA1_pblm3_n=7.png Graphic file (type png)
<use fig/MECH6325_CA1_pblm3_n=7.png>
Package pdftex.def Info: fig/MECH6325_CA1_pblm3_n=7.png  used on input line 446
.
(pdftex.def)             Requested size: 301.00192pt x 225.66827pt.

LaTeX Warning: `h' float specifier changed to `ht'.

File: fig/MECH6325_CA1_pblm3_n=8.png Graphic file (type png)
<use fig/MECH6325_CA1_pblm3_n=8.png>
Package pdftex.def Info: fig/MECH6325_CA1_pblm3_n=8.png  used on input line 453
.
(pdftex.def)             Requested size: 301.00192pt x 225.66827pt.

LaTeX Warning: `h' float specifier changed to `ht'.

<fig/MECH6325_CA1_pblm3_n=9.png, id=68, 421.575pt x 316.0608pt>
File: fig/MECH6325_CA1_pblm3_n=9.png Graphic file (type png)
<use fig/MECH6325_CA1_pblm3_n=9.png>
Package pdftex.def Info: fig/MECH6325_CA1_pblm3_n=9.png  used on input line 460
.
(pdftex.def)             Requested size: 301.00192pt x 225.66827pt.

LaTeX Warning: `h' float specifier changed to `ht'.

File: fig/MECH6325_CA1_pblm3_n=10.png Graphic file (type png)
<use fig/MECH6325_CA1_pblm3_n=10.png>
Package pdftex.def Info: fig/MECH6325_CA1_pblm3_n=10.png  used on input line 46
7.
(pdftex.def)             Requested size: 301.00192pt x 225.66827pt.

LaTeX Warning: `h' float specifier changed to `ht'.

File: fig/MECH6325_CA1_pblm3_n=11.png Graphic file (type png)
<use fig/MECH6325_CA1_pblm3_n=11.png>
Package pdftex.def Info: fig/MECH6325_CA1_pblm3_n=11.png  used on input line 47
4.
(pdftex.def)             Requested size: 301.00192pt x 225.66827pt.

LaTeX Warning: `h' float specifier changed to `ht'.

<fig/MECH6325_CA1_pblm3_n=12.png, id=69, 421.575pt x 316.0608pt>
File: fig/MECH6325_CA1_pblm3_n=12.png Graphic file (type png)
<use fig/MECH6325_CA1_pblm3_n=12.png>
Package pdftex.def Info: fig/MECH6325_CA1_pblm3_n=12.png  used on input line 48
1.
(pdftex.def)             Requested size: 301.00192pt x 225.66827pt.

LaTeX Warning: `h' float specifier changed to `ht'.

[14] [15 <./fig/MECH6325_CA1_pblm2_n=4.png (PNG copy)>] [16 <./fig/MECH6325_CA1
_pblm2_n=6.png (PNG copy)>] [17] [18 <./fig/MECH6325_CA1_pblm3_n=9.png (PNG cop
y)>] [19] [20 <./fig/MECH6325_CA1_pblm3_n=12.png (PNG copy)>] (MECH6325-CA1.aux
) ) 
Here is how much of TeX's memory you used:
 13791 strings out of 492895
 253569 string characters out of 3123735
 297123 words of memory out of 3000000
 17621 multiletter control sequences out of 15000+200000
 540668 words of font info for 57 fonts, out of 3000000 for 9000
 1141 hyphenation exceptions out of 8191
 47i,18n,65p,931b,317s stack positions out of 5000i,500n,10000p,200000b,50000s
<C:/Users/Jonas/AppData/Local/Programs/MiKTeX 2.9/fonts/type1/public/amsfont
s/cm/cmbx12.pfb><C:/Users/Jonas/AppData/Local/Programs/MiKTeX 2.9/fonts/type1/p
ublic/amsfonts/cm/cmbx9.pfb><C:/Users/Jonas/AppData/Local/Programs/MiKTeX 2.9/f
onts/type1/public/amsfonts/cm/cmex10.pfb><C:/Users/Jonas/AppData/Local/Programs
/MiKTeX 2.9/fonts/type1/public/amsfonts/cm/cmmi10.pfb><C:/Users/Jonas/AppData/L
ocal/Programs/MiKTeX 2.9/fonts/type1/public/amsfonts/cm/cmmi7.pfb><C:/Users/Jon
as/AppData/Local/Programs/MiKTeX 2.9/fonts/type1/public/amsfonts/cm/cmr10.pfb><
C:/Users/Jonas/AppData/Local/Programs/MiKTeX 2.9/fonts/type1/public/amsfonts/cm
/cmr12.pfb><C:/Users/Jonas/AppData/Local/Programs/MiKTeX 2.9/fonts/type1/public
/amsfonts/cm/cmr17.pfb><C:/Users/Jonas/AppData/Local/Programs/MiKTeX 2.9/fonts/
type1/public/amsfonts/cm/cmr7.pfb><C:/Users/Jonas/AppData/Local/Programs/MiKTeX
 2.9/fonts/type1/public/amsfonts/cm/cmr9.pfb><C:/Users/Jonas/AppData/Local/Prog
rams/MiKTeX 2.9/fonts/type1/public/amsfonts/cm/cmsy10.pfb><C:/Users/Jonas/AppDa
ta/Local/Programs/MiKTeX 2.9/fonts/type1/public/amsfonts/cm/cmsy7.pfb><C:/Users
/Jonas/AppData/Local/Programs/MiKTeX 2.9/fonts/type1/public/amsfonts/cm/cmtt10.
pfb>
Output written on MECH6325-CA1.pdf (20 pages, 771979 bytes).
PDF statistics:
 133 PDF objects out of 1000 (max. 8388607)
 0 named destinations out of 1000 (max. 500000)
 71 words of extra memory for PDF output out of 10000 (max. 10000000)

