\BOOKMARK [1][-]{section.1}{Problem 1 - Wombat Population}{}% 1
\BOOKMARK [2][-]{subsection.1.1}{Modeling Method 1}{section.1}% 2
\BOOKMARK [2][-]{subsection.1.2}{Modeling Method 2}{section.1}% 3
\BOOKMARK [2][-]{subsection.1.3}{Discrete-Time Kalman Filter}{section.1}% 4
\BOOKMARK [2][-]{subsection.1.4}{Theoretical Error Comparison}{section.1}% 5
\BOOKMARK [3][-]{subsubsection.1.4.1}{Modeling Method 1:}{subsection.1.4}% 6
\BOOKMARK [3][-]{subsubsection.1.4.2}{Modeling Method 2:}{subsection.1.4}% 7
\BOOKMARK [1][-]{section.2}{Problem 2 - Electrical Network}{}% 8
\BOOKMARK [2][-]{subsection.2.1}{System Modeling}{section.2}% 9
\BOOKMARK [2][-]{subsection.2.2}{Discrete-Time Modeling}{section.2}% 10
\BOOKMARK [2][-]{subsection.2.3}{Sequential Kalman Filter}{section.2}% 11
\BOOKMARK [2][-]{subsection.2.4}{Simulation Results}{section.2}% 12
\BOOKMARK [2][-]{subsection.2.5}{Capacitor Voltage Comparison}{section.2}% 13
\BOOKMARK [1][-]{section.3}{Problem 3 - Steady State Riccati Equations}{}% 14
\BOOKMARK [2][-]{subsection.3.1}{Integrating the Continuous-Time Algebraic Riccati Equation}{section.3}% 15
\BOOKMARK [2][-]{subsection.3.2}{Results and icare\(\) function comparison}{section.3}% 16
\BOOKMARK [3][-]{subsubsection.3.2.1}{Part a}{subsection.3.2}% 17
\BOOKMARK [3][-]{subsubsection.3.2.2}{Part b}{subsection.3.2}% 18
\BOOKMARK [3][-]{subsubsection.3.2.3}{Part c}{subsection.3.2}% 19
\BOOKMARK [3][-]{subsubsection.3.2.4}{Part d}{subsection.3.2}% 20
\BOOKMARK [2][-]{subsection.3.3}{Testing Viability of Steady-State Kalman Filter}{section.3}% 21
\BOOKMARK [1][-]{section.4}{Problem 4 - Second Order Sampled Data System}{}% 22
\BOOKMARK [2][-]{subsection.4.1}{Discrete-Time System}{section.4}% 23
\BOOKMARK [2][-]{subsection.4.2}{Sampled Data System Discrete-Time Kalman Filter}{section.4}% 24
\BOOKMARK [2][-]{subsection.4.3}{Simulation Results}{section.4}% 25
\BOOKMARK [1][-]{section.5}{Problem 5 - Satellite Orbit}{}% 26
\BOOKMARK [2][-]{subsection.5.1}{Nonlinear State-Space Model}{section.5}% 27
\BOOKMARK [3][-]{subsubsection.5.1.1}{pblm5\137nonlin Function}{subsection.5.1}% 28
\BOOKMARK [2][-]{subsection.5.2}{Steady-State Radial Velocity}{section.5}% 29
\BOOKMARK [2][-]{subsection.5.3}{Continuous-Time Linear Time-Invarient Model}{section.5}% 30
\BOOKMARK [2][-]{subsection.5.4}{Linear Hybrid Kalman Filter}{section.5}% 31
\BOOKMARK [2][-]{subsection.5.5}{Hybrid Extended Kalman Filter}{section.5}% 32
\BOOKMARK [2][-]{subsection.5.6}{Simulation Results}{section.5}% 33
\BOOKMARK [3][-]{subsubsection.5.6.1}{Linear Hybrid Kalman Filter}{subsection.5.6}% 34
\BOOKMARK [3][-]{subsubsection.5.6.2}{Hybrid Extended Kalman Filter}{subsection.5.6}% 35
\BOOKMARK [1][-]{appendix.A}{MATLAB Code}{}% 36
\BOOKMARK [2][-]{subsection.A.1}{Problem 1}{appendix.A}% 37
\BOOKMARK [2][-]{subsection.A.2}{Problem 2}{appendix.A}% 38
\BOOKMARK [2][-]{subsection.A.3}{Problem 3}{appendix.A}% 39
\BOOKMARK [2][-]{subsection.A.4}{Problem 4}{appendix.A}% 40
\BOOKMARK [2][-]{subsection.A.5}{Problem 5}{appendix.A}% 41
\BOOKMARK [1][-]{appendix.B}{MATLAB Output}{}% 42
\BOOKMARK [1][-]{appendix.C}{Hand Calculations}{}% 43
