This is pdfTeX, Version 3.14159265-2.6-1.40.21 (MiKTeX 20.11) (preloaded format=pdflatex 2020.11.19)  4 DEC 2020 17:24
entering extended mode
**./MECH6325-FinalProject.tex
(MECH6325-FinalProject.tex
LaTeX2e <2018-12-01>
("C:\Users\Jonas\AppData\Local\Programs\MiKTeX 2.9\tex/latex/base\article.cls"
Document Class: article 2018/09/03 v1.4i Standard LaTeX document class
("C:\Users\Jonas\AppData\Local\Programs\MiKTeX 2.9\tex/latex/base\size10.clo"
File: size10.clo 2018/09/03 v1.4i Standard LaTeX file (size option)
)
\c@part=\count80
\c@section=\count81
\c@subsection=\count82
\c@subsubsection=\count83
\c@paragraph=\count84
\c@subparagraph=\count85
\c@figure=\count86
\c@table=\count87
\abovecaptionskip=\skip41
\belowcaptionskip=\skip42
\bibindent=\dimen102
)
("C:\Users\Jonas\AppData\Local\Programs\MiKTeX 2.9\tex/latex/geometry\geometry.
sty"
Package: geometry 2018/04/16 v5.8 Page Geometry

("C:\Users\Jonas\AppData\Local\Programs\MiKTeX 2.9\tex/latex/graphics\keyval.st
y"
Package: keyval 2014/10/28 v1.15 key=value parser (DPC)
\KV@toks@=\toks14
)
("C:\Users\Jonas\AppData\Local\Programs\MiKTeX 2.9\tex/generic/oberdiek\ifpdf.s
ty"
Package: ifpdf 2018/09/07 v3.3 Provides the ifpdf switch
)
("C:\Users\Jonas\AppData\Local\Programs\MiKTeX 2.9\tex/generic/oberdiek\ifvtex.
sty"
Package: ifvtex 2016/05/16 v1.6 Detect VTeX and its facilities (HO)
Package ifvtex Info: VTeX not detected.
)
("C:\Users\Jonas\AppData\Local\Programs\MiKTeX 2.9\tex/generic/ifxetex\ifxetex.
sty"
Package: ifxetex 2010/09/12 v0.6 Provides ifxetex conditional
)
\Gm@cnth=\count88
\Gm@cntv=\count89
\c@Gm@tempcnt=\count90
\Gm@bindingoffset=\dimen103
\Gm@wd@mp=\dimen104
\Gm@odd@mp=\dimen105
\Gm@even@mp=\dimen106
\Gm@layoutwidth=\dimen107
\Gm@layoutheight=\dimen108
\Gm@layouthoffset=\dimen109
\Gm@layoutvoffset=\dimen110
\Gm@dimlist=\toks15

("C:\Users\Jonas\AppData\Local\Programs\MiKTeX 2.9\tex/latex/geometry\geometry.
cfg"))
("C:\Users\Jonas\AppData\Local\Programs\MiKTeX 2.9\tex/latex/amsmath\amsmath.st
y"
Package: amsmath 2018/12/01 v2.17b AMS math features
\@mathmargin=\skip43

For additional information on amsmath, use the `?' option.

("C:\Users\Jonas\AppData\Local\Programs\MiKTeX 2.9\tex/latex/amsmath\amstext.st
y"
Package: amstext 2000/06/29 v2.01 AMS text

("C:\Users\Jonas\AppData\Local\Programs\MiKTeX 2.9\tex/latex/amsmath\amsgen.sty
"
File: amsgen.sty 1999/11/30 v2.0 generic functions
\@emptytoks=\toks16
\ex@=\dimen111
))
("C:\Users\Jonas\AppData\Local\Programs\MiKTeX 2.9\tex/latex/amsmath\amsbsy.sty
"
Package: amsbsy 1999/11/29 v1.2d Bold Symbols
\pmbraise@=\dimen112
)
("C:\Users\Jonas\AppData\Local\Programs\MiKTeX 2.9\tex/latex/amsmath\amsopn.sty
"
Package: amsopn 2016/03/08 v2.02 operator names
)
\inf@bad=\count91
LaTeX Info: Redefining \frac on input line 223.
\uproot@=\count92
\leftroot@=\count93
LaTeX Info: Redefining \overline on input line 385.
\classnum@=\count94
\DOTSCASE@=\count95
LaTeX Info: Redefining \ldots on input line 482.
LaTeX Info: Redefining \dots on input line 485.
LaTeX Info: Redefining \cdots on input line 606.
\Mathstrutbox@=\box27
\strutbox@=\box28
\big@size=\dimen113
LaTeX Font Info:    Redeclaring font encoding OML on input line 729.
LaTeX Font Info:    Redeclaring font encoding OMS on input line 730.
\macc@depth=\count96
\c@MaxMatrixCols=\count97
\dotsspace@=\muskip10
\c@parentequation=\count98
\dspbrk@lvl=\count99
\tag@help=\toks17
\row@=\count100
\column@=\count101
\maxfields@=\count102
\andhelp@=\toks18
\eqnshift@=\dimen114
\alignsep@=\dimen115
\tagshift@=\dimen116
\tagwidth@=\dimen117
\totwidth@=\dimen118
\lineht@=\dimen119
\@envbody=\toks19
\multlinegap=\skip44
\multlinetaggap=\skip45
\mathdisplay@stack=\toks20
LaTeX Info: Redefining \[ on input line 2844.
LaTeX Info: Redefining \] on input line 2845.
)
("C:\Users\Jonas\AppData\Local\Programs\MiKTeX 2.9\tex/latex/amsfonts\amsfonts.
sty"
Package: amsfonts 2013/01/14 v3.01 Basic AMSFonts support
\symAMSa=\mathgroup4
\symAMSb=\mathgroup5
LaTeX Font Info:    Overwriting math alphabet `\mathfrak' in version `bold'
(Font)                  U/euf/m/n --> U/euf/b/n on input line 106.
)
("C:\Users\Jonas\AppData\Local\Programs\MiKTeX 2.9\tex/latex/physics\physics.st
y"
Package: physics 

("C:\Users\Jonas\AppData\Local\Programs\MiKTeX 2.9\tex/latex/l3packages/xparse\
xparse.sty"
("C:\Users\Jonas\AppData\Local\Programs\MiKTeX 2.9\tex/latex/l3kernel\expl3.sty
"
Package: expl3 2019-09-08 L3 programming layer (loader) 

("C:\Users\Jonas\AppData\Local\Programs\MiKTeX 2.9\tex/latex/l3kernel\expl3-cod
e.tex"
Package: expl3 2019-09-08 L3 programming layer (code)
\c_max_int=\count103
\l_tmpa_int=\count104
\l_tmpb_int=\count105
\g_tmpa_int=\count106
\g_tmpb_int=\count107
\g__kernel_prg_map_int=\count108
\c__ior_term_noprompt_ior=\count109
\c_log_iow=\count110
\l_iow_line_count_int=\count111
\l__iow_line_target_int=\count112
\l__iow_one_indent_int=\count113
\l__iow_indent_int=\count114
\c_zero_dim=\dimen120
\c_max_dim=\dimen121
\l_tmpa_dim=\dimen122
\l_tmpb_dim=\dimen123
\g_tmpa_dim=\dimen124
\g_tmpb_dim=\dimen125
\c_zero_skip=\skip46
\c_max_skip=\skip47
\l_tmpa_skip=\skip48
\l_tmpb_skip=\skip49
\g_tmpa_skip=\skip50
\g_tmpb_skip=\skip51
\c_zero_muskip=\muskip11
\c_max_muskip=\muskip12
\l_tmpa_muskip=\muskip13
\l_tmpb_muskip=\muskip14
\g_tmpa_muskip=\muskip15
\g_tmpb_muskip=\muskip16
\l_keys_choice_int=\count115
\l__intarray_loop_int=\count116
\c__intarray_sp_dim=\dimen126
\g__intarray_font_int=\count117
\c__fp_leading_shift_int=\count118
\c__fp_middle_shift_int=\count119
\c__fp_trailing_shift_int=\count120
\c__fp_big_leading_shift_int=\count121
\c__fp_big_middle_shift_int=\count122
\c__fp_big_trailing_shift_int=\count123
\c__fp_Bigg_leading_shift_int=\count124
\c__fp_Bigg_middle_shift_int=\count125
\c__fp_Bigg_trailing_shift_int=\count126
\c__kernel_randint_max_int=\count127
\g__fp_array_int=\count128
\l__fp_array_loop_int=\count129
\l__sort_length_int=\count130
\l__sort_min_int=\count131
\l__sort_top_int=\count132
\l__sort_max_int=\count133
\l__sort_true_max_int=\count134
\l__sort_block_int=\count135
\l__sort_begin_int=\count136
\l__sort_end_int=\count137
\l__sort_A_int=\count138
\l__sort_B_int=\count139
\l__sort_C_int=\count140
\l__str_internal_int=\count141
\c__str_replacement_char_int=\count142
\l__tl_analysis_normal_int=\count143
\l__tl_analysis_index_int=\count144
\l__tl_analysis_nesting_int=\count145
\l__tl_analysis_type_int=\count146
\l__regex_internal_a_int=\count147
\l__regex_internal_b_int=\count148
\l__regex_internal_c_int=\count149
\l__regex_balance_int=\count150
\l__regex_group_level_int=\count151
\l__regex_mode_int=\count152
\c__regex_cs_in_class_mode_int=\count153
\c__regex_cs_mode_int=\count154
\l__regex_catcodes_int=\count155
\l__regex_default_catcodes_int=\count156
\c__regex_catcode_D_int=\count157
\c__regex_catcode_S_int=\count158
\c__regex_catcode_L_int=\count159
\c__regex_catcode_O_int=\count160
\c__regex_catcode_A_int=\count161
\c__regex_all_catcodes_int=\count162
\l__regex_show_lines_int=\count163
\l__regex_min_state_int=\count164
\l__regex_max_state_int=\count165
\l__regex_left_state_int=\count166
\l__regex_right_state_int=\count167
\l__regex_capturing_group_int=\count168
\l__regex_min_pos_int=\count169
\l__regex_max_pos_int=\count170
\l__regex_curr_pos_int=\count171
\l__regex_start_pos_int=\count172
\l__regex_success_pos_int=\count173
\l__regex_curr_char_int=\count174
\l__regex_curr_catcode_int=\count175
\l__regex_last_char_int=\count176
\l__regex_case_changed_char_int=\count177
\l__regex_curr_state_int=\count178
\l__regex_step_int=\count179
\l__regex_min_active_int=\count180
\l__regex_max_active_int=\count181
\l__regex_replacement_csnames_int=\count182
\l__regex_match_count_int=\count183
\l__regex_min_submatch_int=\count184
\l__regex_submatch_int=\count185
\l__regex_zeroth_submatch_int=\count186
\g__regex_trace_regex_int=\count187
\c_empty_box=\box29
\l_tmpa_box=\box30
\l_tmpb_box=\box31
\g_tmpa_box=\box32
\g_tmpb_box=\box33
\l__box_top_dim=\dimen127
\l__box_bottom_dim=\dimen128
\l__box_left_dim=\dimen129
\l__box_right_dim=\dimen130
\l__box_top_new_dim=\dimen131
\l__box_bottom_new_dim=\dimen132
\l__box_left_new_dim=\dimen133
\l__box_right_new_dim=\dimen134
\l__box_internal_box=\box34
\l__coffin_internal_box=\box35
\l__coffin_internal_dim=\dimen135
\l__coffin_offset_x_dim=\dimen136
\l__coffin_offset_y_dim=\dimen137
\l__coffin_x_dim=\dimen138
\l__coffin_y_dim=\dimen139
\l__coffin_x_prime_dim=\dimen140
\l__coffin_y_prime_dim=\dimen141
\c_empty_coffin=\box36
\l__coffin_aligned_coffin=\box37
\l__coffin_aligned_internal_coffin=\box38
\l_tmpa_coffin=\box39
\l_tmpb_coffin=\box40
\g_tmpa_coffin=\box41
\g_tmpb_coffin=\box42
\l__coffin_bounding_shift_dim=\dimen142
\l__coffin_left_corner_dim=\dimen143
\l__coffin_right_corner_dim=\dimen144
\l__coffin_bottom_corner_dim=\dimen145
\l__coffin_top_corner_dim=\dimen146
\l__coffin_scaled_total_height_dim=\dimen147
\l__coffin_scaled_width_dim=\dimen148
\c__coffin_empty_coffin=\box43
\l__coffin_display_coffin=\box44
\l__coffin_display_coord_coffin=\box45
\l__coffin_display_pole_coffin=\box46
\l__coffin_display_offset_dim=\dimen149
\l__coffin_display_x_dim=\dimen150
\l__coffin_display_y_dim=\dimen151
\g__char_data_ior=\read1
\l__seq_internal_a_int=\count188
\l__seq_internal_b_int=\count189
)
("C:\Users\Jonas\AppData\Local\Programs\MiKTeX 2.9\tex/latex/l3backend\l3backen
d-pdfmode.def"
File: l3backend-pdfmode.def 2019-04-06 v L3 backend support: PDF mode
\l__kernel_color_stack_int=\count190
\l__pdf_internal_box=\box47
))
Package: xparse 2019-05-28 L3 Experimental document command parser
\l__xparse_current_arg_int=\count191
\g__xparse_grabber_int=\count192
\l__xparse_m_args_int=\count193
\l__xparse_v_nesting_int=\count194
))
("C:\Users\Jonas\AppData\Local\Programs\MiKTeX 2.9\tex/latex/graphics\graphicx.
sty"
Package: graphicx 2017/06/01 v1.1a Enhanced LaTeX Graphics (DPC,SPQR)

("C:\Users\Jonas\AppData\Local\Programs\MiKTeX 2.9\tex/latex/graphics\graphics.
sty"
Package: graphics 2017/06/25 v1.2c Standard LaTeX Graphics (DPC,SPQR)

("C:\Users\Jonas\AppData\Local\Programs\MiKTeX 2.9\tex/latex/graphics\trig.sty"
Package: trig 2016/01/03 v1.10 sin cos tan (DPC)
)
("C:\Users\Jonas\AppData\Local\Programs\MiKTeX 2.9\tex/latex/graphics-cfg\graph
ics.cfg"
File: graphics.cfg 2016/06/04 v1.11 sample graphics configuration
)
Package graphics Info: Driver file: pdftex.def on input line 99.

("C:\Users\Jonas\AppData\Local\Programs\MiKTeX 2.9\tex/latex/graphics-def\pdfte
x.def"
File: pdftex.def 2018/01/08 v1.0l Graphics/color driver for pdftex
))
\Gin@req@height=\dimen152
\Gin@req@width=\dimen153
)
("C:\Users\Jonas\AppData\Local\Programs\MiKTeX 2.9\tex/latex/setspace\setspace.
sty"
Package: setspace 2011/12/19 v6.7a set line spacing
) ("C:\Program Files\MiKTeX\tex/latex/pdfpages\pdfpages.sty"
Package: pdfpages 2020/01/28 v0.5q Insert pages of external PDF documents (AM)

("C:\Users\Jonas\AppData\Local\Programs\MiKTeX 2.9\tex/latex/base\ifthen.sty"
Package: ifthen 2014/09/29 v1.1c Standard LaTeX ifthen package (DPC)
)
("C:\Users\Jonas\AppData\Local\Programs\MiKTeX 2.9\tex/latex/tools\calc.sty"
Package: calc 2017/05/25 v4.3 Infix arithmetic (KKT,FJ)
\calc@Acount=\count195
\calc@Bcount=\count196
\calc@Adimen=\dimen154
\calc@Bdimen=\dimen155
\calc@Askip=\skip52
\calc@Bskip=\skip53
LaTeX Info: Redefining \setlength on input line 80.
LaTeX Info: Redefining \addtolength on input line 81.
\calc@Ccount=\count197
\calc@Cskip=\skip54
)
("C:\Program Files\MiKTeX\tex/latex/eso-pic\eso-pic.sty"
Package: eso-pic 2020/09/27 v2.0i eso-pic (RN)

("C:\Users\Jonas\AppData\Local\Programs\MiKTeX 2.9\tex/generic/oberdiek\atbegsh
i.sty"
Package: atbegshi 2016/06/09 v1.18 At begin shipout hook (HO)

("C:\Users\Jonas\AppData\Local\Programs\MiKTeX 2.9\tex/generic/oberdiek\infware
rr.sty"
Package: infwarerr 2016/05/16 v1.4 Providing info/warning/error messages (HO)
)
("C:\Users\Jonas\AppData\Local\Programs\MiKTeX 2.9\tex/generic/oberdiek\ltxcmds
.sty"
Package: ltxcmds 2016/05/16 v1.23 LaTeX kernel commands for general use (HO)
))
\ESO@tempdima=\dimen156
\ESO@tempdimb=\dimen157

("C:\Users\Jonas\AppData\Local\Programs\MiKTeX 2.9\tex/latex/xcolor\xcolor.sty"
Package: xcolor 2016/05/11 v2.12 LaTeX color extensions (UK)

("C:\Users\Jonas\AppData\Local\Programs\MiKTeX 2.9\tex/latex/graphics-cfg\color
.cfg"
File: color.cfg 2016/01/02 v1.6 sample color configuration
)
Package xcolor Info: Driver file: pdftex.def on input line 225.
Package xcolor Info: Model `cmy' substituted by `cmy0' on input line 1348.
Package xcolor Info: Model `hsb' substituted by `rgb' on input line 1352.
Package xcolor Info: Model `RGB' extended on input line 1364.
Package xcolor Info: Model `HTML' substituted by `rgb' on input line 1366.
Package xcolor Info: Model `Hsb' substituted by `hsb' on input line 1367.
Package xcolor Info: Model `tHsb' substituted by `hsb' on input line 1368.
Package xcolor Info: Model `HSB' substituted by `hsb' on input line 1369.
Package xcolor Info: Model `Gray' substituted by `gray' on input line 1370.
Package xcolor Info: Model `wave' substituted by `hsb' on input line 1371.
))
\AM@pagewidth=\dimen158
\AM@pageheight=\dimen159
 ("C:\Program Files\MiKTeX\tex/latex/pdfpages\pppdftex.def"
File: pppdftex.def 2020/01/28 v0.5q Pdfpages driver for pdfTeX (AM)
)
\AM@pagebox=\box48
\AM@global@opts=\toks21
\AM@pagecnt=\count198
\AM@toc@title=\toks22
\c@AM@survey=\count199
\AM@templatesizebox=\box49
)
("C:\Program Files\MiKTeX\tex/generic/soul\soul.sty"
Package: soul 2003/11/17 v2.4 letterspacing/underlining (mf)
\SOUL@word=\toks23
\SOUL@lasttoken=\toks24
\SOUL@cmds=\toks25
\SOUL@buffer=\toks26
\SOUL@token=\toks27
\SOUL@spaceskip=\skip55
\SOUL@ttwidth=\dimen160
\SOUL@uldp=\dimen161
\SOUL@ulht=\dimen162
)
("C:\Program Files\MiKTeX\tex/latex/matlab-prettifier\matlab-prettifier.sty"
Package: matlab-prettifier 2014/06/19 v0.3 A package for prettyprinting Matlab 
source code

("C:\Users\Jonas\AppData\Local\Programs\MiKTeX 2.9\tex/latex/base\textcomp.sty"
Package: textcomp 2018/08/11 v2.0j Standard LaTeX package
Package textcomp Info: Sub-encoding information:
(textcomp)               5 = only ISO-Adobe without \textcurrency
(textcomp)               4 = 5 + \texteuro
(textcomp)               3 = 4 + \textohm
(textcomp)               2 = 3 + \textestimated + \textcurrency
(textcomp)               1 = TS1 - \textcircled - \t
(textcomp)               0 = TS1 (full)
(textcomp)             Font families with sub-encoding setting implement
(textcomp)             only a restricted character set as indicated.
(textcomp)             Family '?' is the default used for unknown fonts.
(textcomp)             See the documentation for details.
Package textcomp Info: Setting ? sub-encoding to TS1/1 on input line 79.
("C:\Users\Jonas\AppData\Local\Programs\MiKTeX 2.9\tex/latex/base\ts1enc.def"
File: ts1enc.def 2001/06/05 v3.0e (jk/car/fm) Standard LaTeX file
Now handling font encoding TS1 ...
... processing UTF-8 mapping file for font encoding TS1

("C:\Users\Jonas\AppData\Local\Programs\MiKTeX 2.9\tex/latex/base\ts1enc.dfu"
File: ts1enc.dfu 2018/10/05 v1.2f UTF-8 support for inputenc
   defining Unicode char U+00A2 (decimal 162)
   defining Unicode char U+00A3 (decimal 163)
   defining Unicode char U+00A4 (decimal 164)
   defining Unicode char U+00A5 (decimal 165)
   defining Unicode char U+00A6 (decimal 166)
   defining Unicode char U+00A7 (decimal 167)
   defining Unicode char U+00A8 (decimal 168)
   defining Unicode char U+00A9 (decimal 169)
   defining Unicode char U+00AA (decimal 170)
   defining Unicode char U+00AC (decimal 172)
   defining Unicode char U+00AE (decimal 174)
   defining Unicode char U+00AF (decimal 175)
   defining Unicode char U+00B0 (decimal 176)
   defining Unicode char U+00B1 (decimal 177)
   defining Unicode char U+00B2 (decimal 178)
   defining Unicode char U+00B3 (decimal 179)
   defining Unicode char U+00B4 (decimal 180)
   defining Unicode char U+00B5 (decimal 181)
   defining Unicode char U+00B6 (decimal 182)
   defining Unicode char U+00B7 (decimal 183)
   defining Unicode char U+00B9 (decimal 185)
   defining Unicode char U+00BA (decimal 186)
   defining Unicode char U+00BC (decimal 188)
   defining Unicode char U+00BD (decimal 189)
   defining Unicode char U+00BE (decimal 190)
   defining Unicode char U+00D7 (decimal 215)
   defining Unicode char U+00F7 (decimal 247)
   defining Unicode char U+0192 (decimal 402)
   defining Unicode char U+02C7 (decimal 711)
   defining Unicode char U+02D8 (decimal 728)
   defining Unicode char U+02DD (decimal 733)
   defining Unicode char U+0E3F (decimal 3647)
   defining Unicode char U+2016 (decimal 8214)
   defining Unicode char U+2020 (decimal 8224)
   defining Unicode char U+2021 (decimal 8225)
   defining Unicode char U+2022 (decimal 8226)
   defining Unicode char U+2030 (decimal 8240)
   defining Unicode char U+2031 (decimal 8241)
   defining Unicode char U+203B (decimal 8251)
   defining Unicode char U+203D (decimal 8253)
   defining Unicode char U+2044 (decimal 8260)
   defining Unicode char U+204E (decimal 8270)
   defining Unicode char U+2052 (decimal 8274)
   defining Unicode char U+20A1 (decimal 8353)
   defining Unicode char U+20A4 (decimal 8356)
   defining Unicode char U+20A6 (decimal 8358)
   defining Unicode char U+20A9 (decimal 8361)
   defining Unicode char U+20AB (decimal 8363)
   defining Unicode char U+20AC (decimal 8364)
   defining Unicode char U+20B1 (decimal 8369)
   defining Unicode char U+2103 (decimal 8451)
   defining Unicode char U+2116 (decimal 8470)
   defining Unicode char U+2117 (decimal 8471)
   defining Unicode char U+211E (decimal 8478)
   defining Unicode char U+2120 (decimal 8480)
   defining Unicode char U+2122 (decimal 8482)
   defining Unicode char U+2126 (decimal 8486)
   defining Unicode char U+2127 (decimal 8487)
   defining Unicode char U+212E (decimal 8494)
   defining Unicode char U+2190 (decimal 8592)
   defining Unicode char U+2191 (decimal 8593)
   defining Unicode char U+2192 (decimal 8594)
   defining Unicode char U+2193 (decimal 8595)
   defining Unicode char U+2329 (decimal 9001)
   defining Unicode char U+232A (decimal 9002)
   defining Unicode char U+2422 (decimal 9250)
   defining Unicode char U+25E6 (decimal 9702)
   defining Unicode char U+25EF (decimal 9711)
   defining Unicode char U+266A (decimal 9834)
   defining Unicode char U+FEFF (decimal 65279)
))
LaTeX Info: Redefining \oldstylenums on input line 334.
Package textcomp Info: Setting cmr sub-encoding to TS1/0 on input line 349.
Package textcomp Info: Setting cmss sub-encoding to TS1/0 on input line 350.
Package textcomp Info: Setting cmtt sub-encoding to TS1/0 on input line 351.
Package textcomp Info: Setting cmvtt sub-encoding to TS1/0 on input line 352.
Package textcomp Info: Setting cmbr sub-encoding to TS1/0 on input line 353.
Package textcomp Info: Setting cmtl sub-encoding to TS1/0 on input line 354.
Package textcomp Info: Setting ccr sub-encoding to TS1/0 on input line 355.
Package textcomp Info: Setting ptm sub-encoding to TS1/4 on input line 356.
Package textcomp Info: Setting pcr sub-encoding to TS1/4 on input line 357.
Package textcomp Info: Setting phv sub-encoding to TS1/4 on input line 358.
Package textcomp Info: Setting ppl sub-encoding to TS1/3 on input line 359.
Package textcomp Info: Setting pag sub-encoding to TS1/4 on input line 360.
Package textcomp Info: Setting pbk sub-encoding to TS1/4 on input line 361.
Package textcomp Info: Setting pnc sub-encoding to TS1/4 on input line 362.
Package textcomp Info: Setting pzc sub-encoding to TS1/4 on input line 363.
Package textcomp Info: Setting bch sub-encoding to TS1/4 on input line 364.
Package textcomp Info: Setting put sub-encoding to TS1/5 on input line 365.
Package textcomp Info: Setting uag sub-encoding to TS1/5 on input line 366.
Package textcomp Info: Setting ugq sub-encoding to TS1/5 on input line 367.
Package textcomp Info: Setting ul8 sub-encoding to TS1/4 on input line 368.
Package textcomp Info: Setting ul9 sub-encoding to TS1/4 on input line 369.
Package textcomp Info: Setting augie sub-encoding to TS1/5 on input line 370.
Package textcomp Info: Setting dayrom sub-encoding to TS1/3 on input line 371.
Package textcomp Info: Setting dayroms sub-encoding to TS1/3 on input line 372.

Package textcomp Info: Setting pxr sub-encoding to TS1/0 on input line 373.
Package textcomp Info: Setting pxss sub-encoding to TS1/0 on input line 374.
Package textcomp Info: Setting pxtt sub-encoding to TS1/0 on input line 375.
Package textcomp Info: Setting txr sub-encoding to TS1/0 on input line 376.
Package textcomp Info: Setting txss sub-encoding to TS1/0 on input line 377.
Package textcomp Info: Setting txtt sub-encoding to TS1/0 on input line 378.
Package textcomp Info: Setting lmr sub-encoding to TS1/0 on input line 379.
Package textcomp Info: Setting lmdh sub-encoding to TS1/0 on input line 380.
Package textcomp Info: Setting lmss sub-encoding to TS1/0 on input line 381.
Package textcomp Info: Setting lmssq sub-encoding to TS1/0 on input line 382.
Package textcomp Info: Setting lmvtt sub-encoding to TS1/0 on input line 383.
Package textcomp Info: Setting lmtt sub-encoding to TS1/0 on input line 384.
Package textcomp Info: Setting qhv sub-encoding to TS1/0 on input line 385.
Package textcomp Info: Setting qag sub-encoding to TS1/0 on input line 386.
Package textcomp Info: Setting qbk sub-encoding to TS1/0 on input line 387.
Package textcomp Info: Setting qcr sub-encoding to TS1/0 on input line 388.
Package textcomp Info: Setting qcs sub-encoding to TS1/0 on input line 389.
Package textcomp Info: Setting qpl sub-encoding to TS1/0 on input line 390.
Package textcomp Info: Setting qtm sub-encoding to TS1/0 on input line 391.
Package textcomp Info: Setting qzc sub-encoding to TS1/0 on input line 392.
Package textcomp Info: Setting qhvc sub-encoding to TS1/0 on input line 393.
Package textcomp Info: Setting futs sub-encoding to TS1/4 on input line 394.
Package textcomp Info: Setting futx sub-encoding to TS1/4 on input line 395.
Package textcomp Info: Setting futj sub-encoding to TS1/4 on input line 396.
Package textcomp Info: Setting hlh sub-encoding to TS1/3 on input line 397.
Package textcomp Info: Setting hls sub-encoding to TS1/3 on input line 398.
Package textcomp Info: Setting hlst sub-encoding to TS1/3 on input line 399.
Package textcomp Info: Setting hlct sub-encoding to TS1/5 on input line 400.
Package textcomp Info: Setting hlx sub-encoding to TS1/5 on input line 401.
Package textcomp Info: Setting hlce sub-encoding to TS1/5 on input line 402.
Package textcomp Info: Setting hlcn sub-encoding to TS1/5 on input line 403.
Package textcomp Info: Setting hlcw sub-encoding to TS1/5 on input line 404.
Package textcomp Info: Setting hlcf sub-encoding to TS1/5 on input line 405.
Package textcomp Info: Setting pplx sub-encoding to TS1/3 on input line 406.
Package textcomp Info: Setting pplj sub-encoding to TS1/3 on input line 407.
Package textcomp Info: Setting ptmx sub-encoding to TS1/4 on input line 408.
Package textcomp Info: Setting ptmj sub-encoding to TS1/4 on input line 409.
) ("C:\Program Files\MiKTeX\tex/latex/listings\listings.sty"
\lst@mode=\count266
\lst@gtempboxa=\box50
\lst@token=\toks28
\lst@length=\count267
\lst@currlwidth=\dimen163
\lst@column=\count268
\lst@pos=\count269
\lst@lostspace=\dimen164
\lst@width=\dimen165
\lst@newlines=\count270
\lst@lineno=\count271
\lst@maxwidth=\dimen166

("C:\Program Files\MiKTeX\tex/latex/listings\lstmisc.sty"
File: lstmisc.sty 2020/03/24 1.8d (Carsten Heinz)
\c@lstnumber=\count272
\lst@skipnumbers=\count273
\lst@framebox=\box51
)
("C:\Program Files\MiKTeX\tex/latex/listings\listings.cfg"
File: listings.cfg 2020/03/24 1.8d listings configuration
))
Package: listings 2020/03/24 1.8d (Carsten Heinz)
\netBracketCount@mlpr=\count274
\blkLvl@mlpr=\count275
\blkLvlAtClassdef@mlpr=\count276
\emHeight@mlpr=\skip56
\jayDepth@mlpr=\skip57
\sectionRuleOffset@mlpr=\skip58
\toks@mlpr=\toks29
)
("C:\Users\Jonas\AppData\Local\Programs\MiKTeX 2.9\tex/latex/hyperref\hyperref.
sty"
Package: hyperref 2019/09/12 v6.88i Hypertext links for LaTeX
 ("C:\Program Files\MiKTeX\tex/latex/hobsub\hobsub-hyperref.sty"
Package: hobsub-hyperref 2019-11-14
hobsub not currently supported, see hobsub.dtx to extract original code

("C:\Users\Jonas\AppData\Local\Programs\MiKTeX 2.9\tex/generic/oberdiek\pdftexc
mds.sty"
Package: pdftexcmds 2019/07/25 v0.30 Utility functions of pdfTeX for LuaTeX (HO
)

("C:\Users\Jonas\AppData\Local\Programs\MiKTeX 2.9\tex/generic/oberdiek\ifluate
x.sty"
Package: ifluatex 2016/05/16 v1.4 Provides the ifluatex switch (HO)
Package ifluatex Info: LuaTeX not detected.
)
Package pdftexcmds Info: LuaTeX not detected.
Package pdftexcmds Info: \pdf@primitive is available.
Package pdftexcmds Info: \pdf@ifprimitive is available.
Package pdftexcmds Info: \pdfdraftmode found.
)
("C:\Users\Jonas\AppData\Local\Programs\MiKTeX 2.9\tex/generic/oberdiek\kvsetke
ys.sty"
Package: kvsetkeys 2016/05/16 v1.17 Key value parser (HO)

("C:\Users\Jonas\AppData\Local\Programs\MiKTeX 2.9\tex/generic/oberdiek\etexcmd
s.sty"
Package: etexcmds 2016/05/16 v1.6 Avoid name clashes with e-TeX commands (HO)
))
("C:\Users\Jonas\AppData\Local\Programs\MiKTeX 2.9\tex/generic/oberdiek\kvdefin
ekeys.sty"
Package: kvdefinekeys 2016/05/16 v1.4 Define keys (HO)
)
("C:\Users\Jonas\AppData\Local\Programs\MiKTeX 2.9\tex/generic/oberdiek\pdfesca
pe.sty"
Package: pdfescape 2016/05/16 v1.14 Implements pdfTeX's escape features (HO)
)
("C:\Users\Jonas\AppData\Local\Programs\MiKTeX 2.9\tex/latex/oberdiek\hycolor.s
ty"
Package: hycolor 2016/05/16 v1.8 Color options for hyperref/bookmark (HO)

("C:\Users\Jonas\AppData\Local\Programs\MiKTeX 2.9\tex/latex/oberdiek\xcolor-pa
tch.sty"
Package: xcolor-patch 2016/05/16 xcolor patch

("C:\Users\Jonas\AppData\Local\Programs\MiKTeX 2.9\tex/latex/oberdiek\hopatch.s
ty"
Package: hopatch 2016/05/16 v1.3 Wrapper for package hooks (HO)
)))
("C:\Users\Jonas\AppData\Local\Programs\MiKTeX 2.9\tex/latex/oberdiek\letltxmac
ro.sty"
Package: letltxmacro 2016/05/16 v1.5 Let assignment for LaTeX macros (HO)
))
("C:\Users\Jonas\AppData\Local\Programs\MiKTeX 2.9\tex/latex/oberdiek\auxhook.s
ty"
Package: auxhook 2016/05/16 v1.4 Hooks for auxiliary files (HO)
)
("C:\Users\Jonas\AppData\Local\Programs\MiKTeX 2.9\tex/latex/oberdiek\kvoptions
.sty"
Package: kvoptions 2016/05/16 v3.12 Key value format for package options (HO)
)
\@linkdim=\dimen167
\Hy@linkcounter=\count277
\Hy@pagecounter=\count278

("C:\Users\Jonas\AppData\Local\Programs\MiKTeX 2.9\tex/latex/hyperref\pd1enc.de
f"
File: pd1enc.def 2019/09/12 v6.88i Hyperref: PDFDocEncoding definition (HO)
Now handling font encoding PD1 ...
... no UTF-8 mapping file for font encoding PD1
)
("C:\Users\Jonas\AppData\Local\Programs\MiKTeX 2.9\tex/generic/oberdiek\intcalc
.sty"
Package: intcalc 2016/05/16 v1.2 Expandable calculations with integers (HO)
)
\Hy@SavedSpaceFactor=\count279

("C:\Users\Jonas\AppData\Local\Programs\MiKTeX 2.9\tex/latex/00miktex\hyperref.
cfg"
File: hyperref.cfg 2002/06/06 v1.2 hyperref configuration of TeXLive
)
Package hyperref Info: Hyper figures OFF on input line 4550.
Package hyperref Info: Link nesting OFF on input line 4555.
Package hyperref Info: Hyper index ON on input line 4558.
Package hyperref Info: Plain pages OFF on input line 4565.
Package hyperref Info: Backreferencing OFF on input line 4570.
Package hyperref Info: Implicit mode ON; LaTeX internals redefined.
Package hyperref Info: Bookmarks ON on input line 4803.
\c@Hy@tempcnt=\count280
 ("C:\Users\Jonas\AppData\Local\Programs\MiKTeX 2.9\tex/latex/url\url.sty"
\Urlmuskip=\muskip17
Package: url 2013/09/16  ver 3.4  Verb mode for urls, etc.
)
LaTeX Info: Redefining \url on input line 5156.
\XeTeXLinkMargin=\dimen168

("C:\Users\Jonas\AppData\Local\Programs\MiKTeX 2.9\tex/generic/oberdiek\bitset.
sty"
Package: bitset 2016/05/16 v1.2 Handle bit-vector datatype (HO)

("C:\Users\Jonas\AppData\Local\Programs\MiKTeX 2.9\tex/generic/oberdiek\bigintc
alc.sty"
Package: bigintcalc 2016/05/16 v1.4 Expandable calculations on big integers (HO
)
))
\Fld@menulength=\count281
\Field@Width=\dimen169
\Fld@charsize=\dimen170
Package hyperref Info: Hyper figures OFF on input line 6411.
Package hyperref Info: Link nesting OFF on input line 6416.
Package hyperref Info: Hyper index ON on input line 6419.
Package hyperref Info: backreferencing OFF on input line 6426.
Package hyperref Info: Link coloring OFF on input line 6431.
Package hyperref Info: Link coloring with OCG OFF on input line 6436.
Package hyperref Info: PDF/A mode OFF on input line 6441.
LaTeX Info: Redefining \ref on input line 6481.
LaTeX Info: Redefining \pageref on input line 6485.
\Hy@abspage=\count282
\c@Item=\count283
\c@Hfootnote=\count284
)
Package hyperref Info: Driver (autodetected): hpdftex.

("C:\Users\Jonas\AppData\Local\Programs\MiKTeX 2.9\tex/latex/hyperref\hpdftex.d
ef"
File: hpdftex.def 2019/09/12 v6.88i Hyperref driver for pdfTeX

("C:\Users\Jonas\AppData\Local\Programs\MiKTeX 2.9\tex/latex/oberdiek\atveryend
.sty"
Package: atveryend 2016/05/16 v1.9 Hooks at the very end of document (HO)
Package atveryend Info: \enddocument detected (standard20110627).
)
\Fld@listcount=\count285
\c@bookmark@seq@number=\count286

("C:\Users\Jonas\AppData\Local\Programs\MiKTeX 2.9\tex/latex/oberdiek\rerunfile
check.sty"
Package: rerunfilecheck 2016/05/16 v1.8 Rerun checks for auxiliary files (HO)

("C:\Users\Jonas\AppData\Local\Programs\MiKTeX 2.9\tex/generic/oberdiek\uniquec
ounter.sty"
Package: uniquecounter 2016/05/16 v1.3 Provide unlimited unique counter (HO)
)
Package uniquecounter Info: New unique counter `rerunfilecheck' on input line 2
82.
)
\Hy@SectionHShift=\skip59
)
Package hyperref Info: Option `colorlinks' set `true' on input line 22.
 (MECH6325-FinalProject.aux)
\openout1 = `MECH6325-FinalProject.aux'.

LaTeX Font Info:    Checking defaults for OML/cmm/m/it on input line 53.
LaTeX Font Info:    ... okay on input line 53.
LaTeX Font Info:    Checking defaults for T1/cmr/m/n on input line 53.
LaTeX Font Info:    ... okay on input line 53.
LaTeX Font Info:    Checking defaults for OT1/cmr/m/n on input line 53.
LaTeX Font Info:    ... okay on input line 53.
LaTeX Font Info:    Checking defaults for OMS/cmsy/m/n on input line 53.
LaTeX Font Info:    ... okay on input line 53.
LaTeX Font Info:    Checking defaults for OMX/cmex/m/n on input line 53.
LaTeX Font Info:    ... okay on input line 53.
LaTeX Font Info:    Checking defaults for U/cmr/m/n on input line 53.
LaTeX Font Info:    ... okay on input line 53.
LaTeX Font Info:    Checking defaults for TS1/cmr/m/n on input line 53.
LaTeX Font Info:    Try loading font information for TS1+cmr on input line 53.

("C:\Users\Jonas\AppData\Local\Programs\MiKTeX 2.9\tex/latex/base\ts1cmr.fd"
File: ts1cmr.fd 2014/09/29 v2.5h Standard LaTeX font definitions
)
LaTeX Font Info:    ... okay on input line 53.
LaTeX Font Info:    Checking defaults for PD1/pdf/m/n on input line 53.
LaTeX Font Info:    ... okay on input line 53.

*geometry* driver: auto-detecting
*geometry* detected driver: pdftex
*geometry* verbose mode - [ preamble ] result:
* driver: pdftex
* paper: <default>
* layout: <same size as paper>
* layoutoffset:(h,v)=(0.0pt,0.0pt)
* modes: 
* h-part:(L,W,R)=(92.14519pt, 430.00462pt, 92.14519pt)
* v-part:(T,H,B)=(95.39737pt, 556.47656pt, 143.09605pt)
* \paperwidth=614.295pt
* \paperheight=794.96999pt
* \textwidth=430.00462pt
* \textheight=556.47656pt
* \oddsidemargin=19.8752pt
* \evensidemargin=19.8752pt
* \topmargin=-13.87262pt
* \headheight=12.0pt
* \headsep=25.0pt
* \topskip=10.0pt
* \footskip=30.0pt
* \marginparwidth=65.0pt
* \marginparsep=11.0pt
* \columnsep=10.0pt
* \skip\footins=9.0pt plus 4.0pt minus 2.0pt
* \hoffset=0.0pt
* \voffset=0.0pt
* \mag=1000
* \@twocolumnfalse
* \@twosidefalse
* \@mparswitchfalse
* \@reversemarginfalse
* (1in=72.27pt=25.4mm, 1cm=28.453pt)


("C:\Users\Jonas\AppData\Local\Programs\MiKTeX 2.9\tex/context/base/mkii\supp-p
df.mkii"
[Loading MPS to PDF converter (version 2006.09.02).]
\scratchcounter=\count287
\scratchdimen=\dimen171
\scratchbox=\box52
\nofMPsegments=\count288
\nofMParguments=\count289
\everyMPshowfont=\toks30
\MPscratchCnt=\count290
\MPscratchDim=\dimen172
\MPnumerator=\count291
\makeMPintoPDFobject=\count292
\everyMPtoPDFconversion=\toks31
)
("C:\Users\Jonas\AppData\Local\Programs\MiKTeX 2.9\tex/latex/oberdiek\epstopdf-
base.sty"
Package: epstopdf-base 2016/05/15 v2.6 Base part for package epstopdf

("C:\Users\Jonas\AppData\Local\Programs\MiKTeX 2.9\tex/latex/oberdiek\grfext.st
y"
Package: grfext 2016/05/16 v1.2 Manage graphics extensions (HO)
)
Package epstopdf-base Info: Redefining graphics rule for `.eps' on input line 4
38.
Package grfext Info: Graphics extension search list:
(grfext)             [.pdf,.png,.jpg,.mps,.jpeg,.jbig2,.jb2,.PDF,.PNG,.JPG,.JPE
G,.JBIG2,.JB2,.eps]
(grfext)             \AppendGraphicsExtensions on input line 456.
)
\AtBeginShipoutBox=\box53

("C:\Users\Jonas\AppData\Local\Programs\MiKTeX 2.9\tex/latex/oberdiek\pdflscape
.sty"
Package: pdflscape 2016/05/14 v0.11 Display of landscape pages in PDF (HO)

("C:\Users\Jonas\AppData\Local\Programs\MiKTeX 2.9\tex/latex/graphics\lscape.st
y"
Package: lscape 2000/10/22 v3.01 Landscape Pages (DPC)
)
Package pdflscape Info: Auto-detected driver: pdftex on input line 81.
)
\c@lstlisting=\count293
Package hyperref Info: Link coloring ON on input line 53.

("C:\Users\Jonas\AppData\Local\Programs\MiKTeX 2.9\tex/latex/hyperref\nameref.s
ty"
Package: nameref 2019/09/12 v2.45 Cross-referencing by name of section

("C:\Users\Jonas\AppData\Local\Programs\MiKTeX 2.9\tex/latex/oberdiek\refcount.
sty"
Package: refcount 2016/05/16 v3.5 Data extraction from label references (HO)
)
("C:\Users\Jonas\AppData\Local\Programs\MiKTeX 2.9\tex/generic/oberdiek\gettitl
estring.sty"
Package: gettitlestring 2016/05/16 v1.5 Cleanup title references (HO)
)
\c@section@level=\count294
)
LaTeX Info: Redefining \ref on input line 53.
LaTeX Info: Redefining \pageref on input line 53.
LaTeX Info: Redefining \nameref on input line 53.
 (MECH6325-FinalProject.out) (MECH6325-FinalProject.out)
\@outlinefile=\write3
\openout3 = `MECH6325-FinalProject.out'.

LaTeX Font Info:    Try loading font information for U+msa on input line 56.

("C:\Users\Jonas\AppData\Local\Programs\MiKTeX 2.9\tex/latex/amsfonts\umsa.fd"
File: umsa.fd 2013/01/14 v3.01 AMS symbols A
)
LaTeX Font Info:    Try loading font information for U+msb on input line 56.
("C:\Users\Jonas\AppData\Local\Programs\MiKTeX 2.9\tex/latex/amsfonts\umsb.fd"
File: umsb.fd 2013/01/14 v3.01 AMS symbols B
) [1

{C:/Users/Jonas/AppData/Local/MiKTeX/pdftex/config/pdftex.map}]
(MECH6325-FinalProject.toc)
\tf@toc=\write4
\openout4 = `MECH6325-FinalProject.toc'.

 [2]

LaTeX Font Warning: Command \boldmath invalid in math mode on input line 99.


LaTeX Font Warning: Command \mathversion invalid in math mode on input line 99.



LaTeX Font Warning: Command \boldmath invalid in math mode on input line 100.


LaTeX Font Warning: Command \mathversion invalid in math mode on input line 100
.

[3]
Underfull \hbox (badness 10000) in paragraph at lines 129--130

 []

<MATLAB/fig/pblm1_results_method1.png, id=251, 677.4108pt x 451.9284pt>
File: MATLAB/fig/pblm1_results_method1.png Graphic file (type png)
<use MATLAB/fig/pblm1_results_method1.png>
Package pdftex.def Info: MATLAB/fig/pblm1_results_method1.png  used on input li
ne 133.
(pdftex.def)             Requested size: 375.34726pt x 250.41275pt.
[4 <./MATLAB/fig/pblm1_results_method1.png (PNG copy)>]
<MATLAB/fig/pblm1_results_method2.png, id=267, 677.4108pt x 451.9284pt>
File: MATLAB/fig/pblm1_results_method2.png Graphic file (type png)
<use MATLAB/fig/pblm1_results_method2.png>
Package pdftex.def Info: MATLAB/fig/pblm1_results_method2.png  used on input li
ne 153.
(pdftex.def)             Requested size: 417.07549pt x 278.23828pt.
 [5 <./MATLAB/fig/pblm1_results_method2.png (PNG copy)>]
Underfull \hbox (badness 10000) in paragraph at lines 165--166

 []

LaTeX Font Info:    Try loading font information for TS1+cmtt on input line 175
.
("C:\Users\Jonas\AppData\Local\Programs\MiKTeX 2.9\tex/latex/base\ts1cmtt.fd"
File: ts1cmtt.fd 2014/09/29 v2.5h Standard LaTeX font definitions
)
[6]
<MATLAB/fig/pblm1_std_method1.png, id=312, 421.575pt x 316.0608pt>
File: MATLAB/fig/pblm1_std_method1.png Graphic file (type png)
<use MATLAB/fig/pblm1_std_method1.png>
Package pdftex.def Info: MATLAB/fig/pblm1_std_method1.png  used on input line 2
32.
(pdftex.def)             Requested size: 259.79778pt x 194.77019pt.


LaTeX Warning: `h' float specifier changed to `ht'.

<MATLAB/fig/pblm1_std_method2.png, id=315, 421.575pt x 316.0608pt>
File: MATLAB/fig/pblm1_std_method2.png Graphic file (type png)
<use MATLAB/fig/pblm1_std_method2.png>
Package pdftex.def Info: MATLAB/fig/pblm1_std_method2.png  used on input line 2
47.
(pdftex.def)             Requested size: 259.79778pt x 194.77019pt.

LaTeX Warning: `h' float specifier changed to `ht'.

[7]
<fig/pblm2_fig.png, id=331, 665.48625pt x 397.485pt>
File: fig/pblm2_fig.png Graphic file (type png)
<use fig/pblm2_fig.png>
Package pdftex.def Info: fig/pblm2_fig.png  used on input line 258.
(pdftex.def)             Requested size: 215.0023pt x 128.41689pt.


LaTeX Warning: `h' float specifier changed to `ht'.

[8 <./MATLAB/fig/pblm1_std_method1.png (PNG copy)>]
Underfull \hbox (badness 10000) in paragraph at lines 314--316

 []

[9 <./MATLAB/fig/pblm1_std_method2.png (PNG copy)>]
\matrixtoks=\toks32
\rowcount=\count295
\colcount=\count296

Underfull \hbox (badness 10000) in paragraph at lines 332--333

 []

[10 <./fig/pblm2_fig.png>]
<MATLAB/fig/pblm2_est_var.png, id=375, 421.575pt x 316.0608pt>
File: MATLAB/fig/pblm2_est_var.png Graphic file (type png)
<use MATLAB/fig/pblm2_est_var.png>
Package pdftex.def Info: MATLAB/fig/pblm2_est_var.png  used on input line 382.
(pdftex.def)             Requested size: 301.00192pt x 225.66827pt.
<MATLAB/fig/pblm2_comparison.png, id=377, 421.575pt x 316.0608pt>
File: MATLAB/fig/pblm2_comparison.png Graphic file (type png)
<use MATLAB/fig/pblm2_comparison.png>
Package pdftex.def Info: MATLAB/fig/pblm2_comparison.png  used on input line 39
1.
(pdftex.def)             Requested size: 301.00192pt x 225.66827pt.
 [11] [12 <./MATLAB/fig/pblm2_est_var.png (PNG copy)> <./MATLAB/fig/pblm2_compa
rison.png (PNG copy)>]
\matrixtoks=\toks33
\rowcount=\count297
\colcount=\count298
\matrixtoks=\toks34
\rowcount=\count299
\colcount=\count300
 [13]
\matrixtoks=\toks35
\matrixtoks=\toks36
\rowcount=\count301
\colcount=\count302
\matrixtoks=\toks37
\matrixtoks=\toks38
\matrixtoks=\toks39
\matrixtoks=\toks40
 [14]
\matrixtoks=\toks41
\matrixtoks=\toks42
 [15]
Underfull \hbox (badness 10000) in paragraph at lines 536--538

 []

\matrixtoks=\toks43

Underfull \hbox (badness 10000) in paragraph at lines 563--564

 []

[16]
<MATLAB/fig/pblm4_results.png, id=470, 677.4108pt x 451.9284pt>
File: MATLAB/fig/pblm4_results.png Graphic file (type png)
<use MATLAB/fig/pblm4_results.png>
Package pdftex.def Info: MATLAB/fig/pblm4_results.png  used on input line 604.
(pdftex.def)             Requested size: 516.00423pt x 344.26218pt.
 [17] [18 <./MATLAB/fig/pblm4_results.png (PNG copy)>]
Underfull \hbox (badness 10000) in paragraph at lines 613--614

 []

[19]
Underfull \hbox (badness 10000) in paragraph at lines 660--661

 []

[20] [21]
Underfull \hbox (badness 10000) in paragraph at lines 711--712

 []

[22]
Underfull \hbox (badness 10000) in paragraph at lines 752--753

 []


Underfull \hbox (badness 10000) in paragraph at lines 758--759

 []

<MATLAB/fig/pblm5_results_hybrid_lin.png, id=580, 421.575pt x 316.0608pt>
File: MATLAB/fig/pblm5_results_hybrid_lin.png Graphic file (type png)
<use MATLAB/fig/pblm5_results_hybrid_lin.png>
Package pdftex.def Info: MATLAB/fig/pblm5_results_hybrid_lin.png  used on input
 line 803.
(pdftex.def)             Requested size: 516.00423pt x 386.86198pt.
[23] [24 <./MATLAB/fig/pblm5_results_hybrid_lin.png (PNG copy)>]
<MATLAB/fig/pblm5_est_error_hybrid_lin.png, id=622, 421.575pt x 316.0608pt>
File: MATLAB/fig/pblm5_est_error_hybrid_lin.png Graphic file (type png)
<use MATLAB/fig/pblm5_est_error_hybrid_lin.png>
Package pdftex.def Info: MATLAB/fig/pblm5_est_error_hybrid_lin.png  used on inp
ut line 812.
(pdftex.def)             Requested size: 516.00423pt x 386.86198pt.
 [25 <./MATLAB/fig/pblm5_est_error_hybrid_lin.png (PNG copy)>]
<MATLAB/fig/pblm5_results_hybrid_EKF.png, id=631, 421.575pt x 316.0608pt>
File: MATLAB/fig/pblm5_results_hybrid_EKF.png Graphic file (type png)
<use MATLAB/fig/pblm5_results_hybrid_EKF.png>
Package pdftex.def Info: MATLAB/fig/pblm5_results_hybrid_EKF.png  used on input
 line 824.
(pdftex.def)             Requested size: 516.00423pt x 386.86198pt.
 [26 <./MATLAB/fig/pblm5_results_hybrid_EKF.png (PNG copy)>]
<MATLAB/fig/pblm5_est_error_hybrid_EKF.png, id=638, 421.575pt x 316.0608pt>
File: MATLAB/fig/pblm5_est_error_hybrid_EKF.png Graphic file (type png)
<use MATLAB/fig/pblm5_est_error_hybrid_EKF.png>
Package pdftex.def Info: MATLAB/fig/pblm5_est_error_hybrid_EKF.png  used on inp
ut line 832.
(pdftex.def)             Requested size: 516.00423pt x 386.86198pt.
 [27 <./MATLAB/fig/pblm5_est_error_hybrid_EKF.png (PNG copy)>] (MATLAB/MECH6325
_FinalProject.m) [28] (MATLAB/pblm1.m [29] [30]
[31]) [32] (MATLAB/KalmanFilter_DT.m [33]) [34] (MATLAB/pblm2.m [35]) [36]
(MATLAB/DiscretizeSystem.m) [37] (MATLAB/KalmanFilter_Sequential.m [38])
[39] (MATLAB/pblm3.m [40]) [41] (MATLAB/pblm4.m [42]) [43]
(MATLAB/KalmanFilter_DT_SDS.m [44]) [45] (MATLAB/pblm5.m [46] [47] [48]
[49]) [50] (MATLAB/pblm5_nonlin.m) [51] (MATLAB/KalmanFilter_Hybrid_nonlinsys.m
[52]) [53] (MATLAB/KalmanFilter_Extended_Hybrid.m [54])
<MATLAB/html/MECH6325_FinalProject.pdf, id=1765, 614.295pt x 794.97pt>
File: MATLAB/html/MECH6325_FinalProject.pdf Graphic file (type pdf)
<use MATLAB/html/MECH6325_FinalProject.pdf>
Package pdftex.def Info: MATLAB/html/MECH6325_FinalProject.pdf  used on input l
ine 893.
(pdftex.def)             Requested size: 614.29349pt x 794.96806pt.
File: MATLAB/html/MECH6325_FinalProject.pdf Graphic file (type pdf)
<use MATLAB/html/MECH6325_FinalProject.pdf>
Package pdftex.def Info: MATLAB/html/MECH6325_FinalProject.pdf  used on input l
ine 893.
(pdftex.def)             Requested size: 614.29349pt x 794.96806pt.
<MATLAB/html/MECH6325_FinalProject.pdf, id=1768, page=1, 614.295pt x 794.97pt>
File: MATLAB/html/MECH6325_FinalProject.pdf Graphic file (type pdf)
<use MATLAB/html/MECH6325_FinalProject.pdf, page 1>
Package pdftex.def Info: MATLAB/html/MECH6325_FinalProject.pdf , page1 used on 
input line 893.
(pdftex.def)             Requested size: 614.29349pt x 794.96806pt.
File: MATLAB/html/MECH6325_FinalProject.pdf Graphic file (type pdf)
<use MATLAB/html/MECH6325_FinalProject.pdf, page 1>
Package pdftex.def Info: MATLAB/html/MECH6325_FinalProject.pdf , page1 used on 
input line 893.
(pdftex.def)             Requested size: 614.58406pt x 795.3441pt.
 [55]
File: MATLAB/html/MECH6325_FinalProject.pdf Graphic file (type pdf)
<use MATLAB/html/MECH6325_FinalProject.pdf, page 1>
Package pdftex.def Info: MATLAB/html/MECH6325_FinalProject.pdf , page1 used on 
input line 893.
(pdftex.def)             Requested size: 614.58406pt x 795.3441pt.
File: MATLAB/html/MECH6325_FinalProject.pdf Graphic file (type pdf)
<use MATLAB/html/MECH6325_FinalProject.pdf, page 1>
Package pdftex.def Info: MATLAB/html/MECH6325_FinalProject.pdf , page1 used on 
input line 893.
(pdftex.def)             Requested size: 614.58406pt x 795.3441pt.
File: MATLAB/html/MECH6325_FinalProject.pdf Graphic file (type pdf)
<use MATLAB/html/MECH6325_FinalProject.pdf, page 1>
Package pdftex.def Info: MATLAB/html/MECH6325_FinalProject.pdf , page1 used on 
input line 893.
(pdftex.def)             Requested size: 614.58406pt x 795.3441pt.
 [56 <./MATLAB/html/MECH6325_FinalProject.pdf>]
<MATLAB/html/MECH6325_FinalProject.pdf, id=1826, page=2, 614.295pt x 794.97pt>
File: MATLAB/html/MECH6325_FinalProject.pdf Graphic file (type pdf)
<use MATLAB/html/MECH6325_FinalProject.pdf, page 2>
Package pdftex.def Info: MATLAB/html/MECH6325_FinalProject.pdf , page2 used on 
input line 893.
(pdftex.def)             Requested size: 614.58406pt x 795.3441pt.
File: MATLAB/html/MECH6325_FinalProject.pdf Graphic file (type pdf)
<use MATLAB/html/MECH6325_FinalProject.pdf, page 2>
Package pdftex.def Info: MATLAB/html/MECH6325_FinalProject.pdf , page2 used on 
input line 893.
(pdftex.def)             Requested size: 614.58406pt x 795.3441pt.
File: MATLAB/html/MECH6325_FinalProject.pdf Graphic file (type pdf)
<use MATLAB/html/MECH6325_FinalProject.pdf, page 2>
Package pdftex.def Info: MATLAB/html/MECH6325_FinalProject.pdf , page2 used on 
input line 893.
(pdftex.def)             Requested size: 614.58406pt x 795.3441pt.
 [57 <./MATLAB/html/MECH6325_FinalProject.pdf>]
<MATLAB/html/MECH6325_FinalProject.pdf, id=1831, page=3, 614.295pt x 794.97pt>
File: MATLAB/html/MECH6325_FinalProject.pdf Graphic file (type pdf)
<use MATLAB/html/MECH6325_FinalProject.pdf, page 3>
Package pdftex.def Info: MATLAB/html/MECH6325_FinalProject.pdf , page3 used on 
input line 893.
(pdftex.def)             Requested size: 614.58406pt x 795.3441pt.
File: MATLAB/html/MECH6325_FinalProject.pdf Graphic file (type pdf)
<use MATLAB/html/MECH6325_FinalProject.pdf, page 3>
Package pdftex.def Info: MATLAB/html/MECH6325_FinalProject.pdf , page3 used on 
input line 893.
(pdftex.def)             Requested size: 614.58406pt x 795.3441pt.
File: MATLAB/html/MECH6325_FinalProject.pdf Graphic file (type pdf)
<use MATLAB/html/MECH6325_FinalProject.pdf, page 3>
Package pdftex.def Info: MATLAB/html/MECH6325_FinalProject.pdf , page3 used on 
input line 893.
(pdftex.def)             Requested size: 614.58406pt x 795.3441pt.

[58 <./MATLAB/html/MECH6325_FinalProject.pdf>]
<MATLAB/html/MECH6325_FinalProject.pdf, id=1836, page=4, 614.295pt x 794.97pt>
File: MATLAB/html/MECH6325_FinalProject.pdf Graphic file (type pdf)
<use MATLAB/html/MECH6325_FinalProject.pdf, page 4>
Package pdftex.def Info: MATLAB/html/MECH6325_FinalProject.pdf , page4 used on 
input line 893.
(pdftex.def)             Requested size: 614.58406pt x 795.3441pt.
File: MATLAB/html/MECH6325_FinalProject.pdf Graphic file (type pdf)
<use MATLAB/html/MECH6325_FinalProject.pdf, page 4>
Package pdftex.def Info: MATLAB/html/MECH6325_FinalProject.pdf , page4 used on 
input line 893.
(pdftex.def)             Requested size: 614.58406pt x 795.3441pt.
File: MATLAB/html/MECH6325_FinalProject.pdf Graphic file (type pdf)
<use MATLAB/html/MECH6325_FinalProject.pdf, page 4>
Package pdftex.def Info: MATLAB/html/MECH6325_FinalProject.pdf , page4 used on 
input line 893.
(pdftex.def)             Requested size: 614.58406pt x 795.3441pt.
 [59 <./MATLAB/html/MECH6325_FinalProject.pdf>]
<MATLAB/html/MECH6325_FinalProject.pdf, id=1841, page=5, 614.295pt x 794.97pt>
File: MATLAB/html/MECH6325_FinalProject.pdf Graphic file (type pdf)
<use MATLAB/html/MECH6325_FinalProject.pdf, page 5>
Package pdftex.def Info: MATLAB/html/MECH6325_FinalProject.pdf , page5 used on 
input line 893.
(pdftex.def)             Requested size: 614.58406pt x 795.3441pt.
File: MATLAB/html/MECH6325_FinalProject.pdf Graphic file (type pdf)
<use MATLAB/html/MECH6325_FinalProject.pdf, page 5>
Package pdftex.def Info: MATLAB/html/MECH6325_FinalProject.pdf , page5 used on 
input line 893.
(pdftex.def)             Requested size: 614.58406pt x 795.3441pt.
File: MATLAB/html/MECH6325_FinalProject.pdf Graphic file (type pdf)
<use MATLAB/html/MECH6325_FinalProject.pdf, page 5>
Package pdftex.def Info: MATLAB/html/MECH6325_FinalProject.pdf , page5 used on 
input line 893.
(pdftex.def)             Requested size: 614.58406pt x 795.3441pt.
 [60 <./MATLAB/html/MECH6325_FinalProject.pdf>]
<MATLAB/html/MECH6325_FinalProject.pdf, id=1846, page=6, 614.295pt x 794.97pt>
File: MATLAB/html/MECH6325_FinalProject.pdf Graphic file (type pdf)
<use MATLAB/html/MECH6325_FinalProject.pdf, page 6>
Package pdftex.def Info: MATLAB/html/MECH6325_FinalProject.pdf , page6 used on 
input line 893.
(pdftex.def)             Requested size: 614.58406pt x 795.3441pt.
File: MATLAB/html/MECH6325_FinalProject.pdf Graphic file (type pdf)
<use MATLAB/html/MECH6325_FinalProject.pdf, page 6>
Package pdftex.def Info: MATLAB/html/MECH6325_FinalProject.pdf , page6 used on 
input line 893.
(pdftex.def)             Requested size: 614.58406pt x 795.3441pt.
File: MATLAB/html/MECH6325_FinalProject.pdf Graphic file (type pdf)
<use MATLAB/html/MECH6325_FinalProject.pdf, page 6>
Package pdftex.def Info: MATLAB/html/MECH6325_FinalProject.pdf , page6 used on 
input line 893.
(pdftex.def)             Requested size: 614.58406pt x 795.3441pt.
 [61 <./MATLAB/html/MECH6325_FinalProject.pdf>]
<MATLAB/html/MECH6325_FinalProject.pdf, id=1852, page=7, 614.295pt x 794.97pt>
File: MATLAB/html/MECH6325_FinalProject.pdf Graphic file (type pdf)
<use MATLAB/html/MECH6325_FinalProject.pdf, page 7>
Package pdftex.def Info: MATLAB/html/MECH6325_FinalProject.pdf , page7 used on 
input line 893.
(pdftex.def)             Requested size: 614.58406pt x 795.3441pt.
File: MATLAB/html/MECH6325_FinalProject.pdf Graphic file (type pdf)
<use MATLAB/html/MECH6325_FinalProject.pdf, page 7>
Package pdftex.def Info: MATLAB/html/MECH6325_FinalProject.pdf , page7 used on 
input line 893.
(pdftex.def)             Requested size: 614.58406pt x 795.3441pt.
File: MATLAB/html/MECH6325_FinalProject.pdf Graphic file (type pdf)
<use MATLAB/html/MECH6325_FinalProject.pdf, page 7>
Package pdftex.def Info: MATLAB/html/MECH6325_FinalProject.pdf , page7 used on 
input line 893.
(pdftex.def)             Requested size: 614.58406pt x 795.3441pt.
 [62 <./MATLAB/html/MECH6325_FinalProject.pdf>]
<MATLAB/html/MECH6325_FinalProject.pdf, id=1857, page=8, 614.295pt x 794.97pt>
File: MATLAB/html/MECH6325_FinalProject.pdf Graphic file (type pdf)
<use MATLAB/html/MECH6325_FinalProject.pdf, page 8>
Package pdftex.def Info: MATLAB/html/MECH6325_FinalProject.pdf , page8 used on 
input line 893.
(pdftex.def)             Requested size: 614.58406pt x 795.3441pt.
File: MATLAB/html/MECH6325_FinalProject.pdf Graphic file (type pdf)
<use MATLAB/html/MECH6325_FinalProject.pdf, page 8>
Package pdftex.def Info: MATLAB/html/MECH6325_FinalProject.pdf , page8 used on 
input line 893.
(pdftex.def)             Requested size: 614.58406pt x 795.3441pt.
File: MATLAB/html/MECH6325_FinalProject.pdf Graphic file (type pdf)
<use MATLAB/html/MECH6325_FinalProject.pdf, page 8>
Package pdftex.def Info: MATLAB/html/MECH6325_FinalProject.pdf , page8 used on 
input line 893.
(pdftex.def)             Requested size: 614.58406pt x 795.3441pt.

[63 <./MATLAB/html/MECH6325_FinalProject.pdf>]

pdfTeX warning: pdflatex.exe (file ./MECH6325-FinalProject_handCalc.pdf): PDF i
nclusion: found PDF version <1.7>, but at most version <1.5> allowed
<MECH6325-FinalProject_handCalc.pdf, id=1862, 614.295pt x 794.97pt>
File: MECH6325-FinalProject_handCalc.pdf Graphic file (type pdf)
<use MECH6325-FinalProject_handCalc.pdf>
Package pdftex.def Info: MECH6325-FinalProject_handCalc.pdf  used on input line
 896.
(pdftex.def)             Requested size: 614.29349pt x 794.96806pt.


pdfTeX warning: pdflatex.exe (file ./MECH6325-FinalProject_handCalc.pdf): PDF i
nclusion: found PDF version <1.7>, but at most version <1.5> allowed
File: MECH6325-FinalProject_handCalc.pdf Graphic file (type pdf)
<use MECH6325-FinalProject_handCalc.pdf>
Package pdftex.def Info: MECH6325-FinalProject_handCalc.pdf  used on input line
 896.
(pdftex.def)             Requested size: 614.29349pt x 794.96806pt.


pdfTeX warning: pdflatex.exe (file ./MECH6325-FinalProject_handCalc.pdf): PDF i
nclusion: found PDF version <1.7>, but at most version <1.5> allowed


pdfTeX warning: pdflatex.exe (file ./MECH6325-FinalProject_handCalc.pdf): PDF i
nclusion: found PDF version <1.7>, but at most version <1.5> allowed
<MECH6325-FinalProject_handCalc.pdf, id=1865, page=1, 614.295pt x 794.97pt>
File: MECH6325-FinalProject_handCalc.pdf Graphic file (type pdf)
<use MECH6325-FinalProject_handCalc.pdf, page 1>
Package pdftex.def Info: MECH6325-FinalProject_handCalc.pdf , page1 used on inp
ut line 896.
(pdftex.def)             Requested size: 614.29349pt x 794.96806pt.
File: MECH6325-FinalProject_handCalc.pdf Graphic file (type pdf)
<use MECH6325-FinalProject_handCalc.pdf, page 1>
Package pdftex.def Info: MECH6325-FinalProject_handCalc.pdf , page1 used on inp
ut line 896.
(pdftex.def)             Requested size: 614.58406pt x 795.3441pt.
[64]
File: MECH6325-FinalProject_handCalc.pdf Graphic file (type pdf)
<use MECH6325-FinalProject_handCalc.pdf, page 1>
Package pdftex.def Info: MECH6325-FinalProject_handCalc.pdf , page1 used on inp
ut line 896.
(pdftex.def)             Requested size: 614.58406pt x 795.3441pt.
File: MECH6325-FinalProject_handCalc.pdf Graphic file (type pdf)
<use MECH6325-FinalProject_handCalc.pdf, page 1>
Package pdftex.def Info: MECH6325-FinalProject_handCalc.pdf , page1 used on inp
ut line 896.
(pdftex.def)             Requested size: 614.58406pt x 795.3441pt.
File: MECH6325-FinalProject_handCalc.pdf Graphic file (type pdf)
<use MECH6325-FinalProject_handCalc.pdf, page 1>
Package pdftex.def Info: MECH6325-FinalProject_handCalc.pdf , page1 used on inp
ut line 896.
(pdftex.def)             Requested size: 614.58406pt x 795.3441pt.
 [65 <./MECH6325-FinalProject_handCalc.pdf>]

pdfTeX warning: pdflatex.exe (file ./MECH6325-FinalProject_handCalc.pdf): PDF i
nclusion: found PDF version <1.7>, but at most version <1.5> allowed
<MECH6325-FinalProject_handCalc.pdf, id=1876, page=2, 614.295pt x 794.97pt>
File: MECH6325-FinalProject_handCalc.pdf Graphic file (type pdf)
<use MECH6325-FinalProject_handCalc.pdf, page 2>
Package pdftex.def Info: MECH6325-FinalProject_handCalc.pdf , page2 used on inp
ut line 896.
(pdftex.def)             Requested size: 614.58406pt x 795.3441pt.
File: MECH6325-FinalProject_handCalc.pdf Graphic file (type pdf)
<use MECH6325-FinalProject_handCalc.pdf, page 2>
Package pdftex.def Info: MECH6325-FinalProject_handCalc.pdf , page2 used on inp
ut line 896.
(pdftex.def)             Requested size: 614.58406pt x 795.3441pt.
File: MECH6325-FinalProject_handCalc.pdf Graphic file (type pdf)
<use MECH6325-FinalProject_handCalc.pdf, page 2>
Package pdftex.def Info: MECH6325-FinalProject_handCalc.pdf , page2 used on inp
ut line 896.
(pdftex.def)             Requested size: 614.58406pt x 795.3441pt.
[66 <./MECH6325-FinalProject_handCalc.pdf>]

pdfTeX warning: pdflatex.exe (file ./MECH6325-FinalProject_handCalc.pdf): PDF i
nclusion: found PDF version <1.7>, but at most version <1.5> allowed
<MECH6325-FinalProject_handCalc.pdf, id=1882, page=3, 614.295pt x 794.97pt>
File: MECH6325-FinalProject_handCalc.pdf Graphic file (type pdf)
<use MECH6325-FinalProject_handCalc.pdf, page 3>
Package pdftex.def Info: MECH6325-FinalProject_handCalc.pdf , page3 used on inp
ut line 896.
(pdftex.def)             Requested size: 614.58406pt x 795.3441pt.
File: MECH6325-FinalProject_handCalc.pdf Graphic file (type pdf)
<use MECH6325-FinalProject_handCalc.pdf, page 3>
Package pdftex.def Info: MECH6325-FinalProject_handCalc.pdf , page3 used on inp
ut line 896.
(pdftex.def)             Requested size: 614.58406pt x 795.3441pt.
File: MECH6325-FinalProject_handCalc.pdf Graphic file (type pdf)
<use MECH6325-FinalProject_handCalc.pdf, page 3>
Package pdftex.def Info: MECH6325-FinalProject_handCalc.pdf , page3 used on inp
ut line 896.
(pdftex.def)             Requested size: 614.58406pt x 795.3441pt.
[67 <./MECH6325-FinalProject_handCalc.pdf>]

pdfTeX warning: pdflatex.exe (file ./MECH6325-FinalProject_handCalc.pdf): PDF i
nclusion: found PDF version <1.7>, but at most version <1.5> allowed
<MECH6325-FinalProject_handCalc.pdf, id=1889, page=4, 614.295pt x 794.97pt>
File: MECH6325-FinalProject_handCalc.pdf Graphic file (type pdf)
<use MECH6325-FinalProject_handCalc.pdf, page 4>
Package pdftex.def Info: MECH6325-FinalProject_handCalc.pdf , page4 used on inp
ut line 896.
(pdftex.def)             Requested size: 614.58406pt x 795.3441pt.
File: MECH6325-FinalProject_handCalc.pdf Graphic file (type pdf)
<use MECH6325-FinalProject_handCalc.pdf, page 4>
Package pdftex.def Info: MECH6325-FinalProject_handCalc.pdf , page4 used on inp
ut line 896.
(pdftex.def)             Requested size: 614.58406pt x 795.3441pt.
File: MECH6325-FinalProject_handCalc.pdf Graphic file (type pdf)
<use MECH6325-FinalProject_handCalc.pdf, page 4>
Package pdftex.def Info: MECH6325-FinalProject_handCalc.pdf , page4 used on inp
ut line 896.
(pdftex.def)             Requested size: 614.58406pt x 795.3441pt.
[68 <./MECH6325-FinalProject_handCalc.pdf>]

pdfTeX warning: pdflatex.exe (file ./MECH6325-FinalProject_handCalc.pdf): PDF i
nclusion: found PDF version <1.7>, but at most version <1.5> allowed
<MECH6325-FinalProject_handCalc.pdf, id=1895, page=5, 614.295pt x 794.97pt>
File: MECH6325-FinalProject_handCalc.pdf Graphic file (type pdf)
<use MECH6325-FinalProject_handCalc.pdf, page 5>
Package pdftex.def Info: MECH6325-FinalProject_handCalc.pdf , page5 used on inp
ut line 896.
(pdftex.def)             Requested size: 614.58406pt x 795.3441pt.
File: MECH6325-FinalProject_handCalc.pdf Graphic file (type pdf)
<use MECH6325-FinalProject_handCalc.pdf, page 5>
Package pdftex.def Info: MECH6325-FinalProject_handCalc.pdf , page5 used on inp
ut line 896.
(pdftex.def)             Requested size: 614.58406pt x 795.3441pt.
File: MECH6325-FinalProject_handCalc.pdf Graphic file (type pdf)
<use MECH6325-FinalProject_handCalc.pdf, page 5>
Package pdftex.def Info: MECH6325-FinalProject_handCalc.pdf , page5 used on inp
ut line 896.
(pdftex.def)             Requested size: 614.58406pt x 795.3441pt.
[69 <./MECH6325-FinalProject_handCalc.pdf>]

pdfTeX warning: pdflatex.exe (file ./MECH6325-FinalProject_handCalc.pdf): PDF i
nclusion: found PDF version <1.7>, but at most version <1.5> allowed
<MECH6325-FinalProject_handCalc.pdf, id=1901, page=6, 614.295pt x 794.97pt>
File: MECH6325-FinalProject_handCalc.pdf Graphic file (type pdf)
<use MECH6325-FinalProject_handCalc.pdf, page 6>
Package pdftex.def Info: MECH6325-FinalProject_handCalc.pdf , page6 used on inp
ut line 896.
(pdftex.def)             Requested size: 614.58406pt x 795.3441pt.
File: MECH6325-FinalProject_handCalc.pdf Graphic file (type pdf)
<use MECH6325-FinalProject_handCalc.pdf, page 6>
Package pdftex.def Info: MECH6325-FinalProject_handCalc.pdf , page6 used on inp
ut line 896.
(pdftex.def)             Requested size: 614.58406pt x 795.3441pt.
File: MECH6325-FinalProject_handCalc.pdf Graphic file (type pdf)
<use MECH6325-FinalProject_handCalc.pdf, page 6>
Package pdftex.def Info: MECH6325-FinalProject_handCalc.pdf , page6 used on inp
ut line 896.
(pdftex.def)             Requested size: 614.58406pt x 795.3441pt.
[70 <./MECH6325-FinalProject_handCalc.pdf>]

pdfTeX warning: pdflatex.exe (file ./MECH6325-FinalProject_handCalc.pdf): PDF i
nclusion: found PDF version <1.7>, but at most version <1.5> allowed
<MECH6325-FinalProject_handCalc.pdf, id=1907, page=7, 614.295pt x 794.97pt>
File: MECH6325-FinalProject_handCalc.pdf Graphic file (type pdf)
<use MECH6325-FinalProject_handCalc.pdf, page 7>
Package pdftex.def Info: MECH6325-FinalProject_handCalc.pdf , page7 used on inp
ut line 896.
(pdftex.def)             Requested size: 614.58406pt x 795.3441pt.
File: MECH6325-FinalProject_handCalc.pdf Graphic file (type pdf)
<use MECH6325-FinalProject_handCalc.pdf, page 7>
Package pdftex.def Info: MECH6325-FinalProject_handCalc.pdf , page7 used on inp
ut line 896.
(pdftex.def)             Requested size: 614.58406pt x 795.3441pt.
File: MECH6325-FinalProject_handCalc.pdf Graphic file (type pdf)
<use MECH6325-FinalProject_handCalc.pdf, page 7>
Package pdftex.def Info: MECH6325-FinalProject_handCalc.pdf , page7 used on inp
ut line 896.
(pdftex.def)             Requested size: 614.58406pt x 795.3441pt.
[71 <./MECH6325-FinalProject_handCalc.pdf>]

pdfTeX warning: pdflatex.exe (file ./MECH6325-FinalProject_handCalc.pdf): PDF i
nclusion: found PDF version <1.7>, but at most version <1.5> allowed
<MECH6325-FinalProject_handCalc.pdf, id=1913, page=8, 614.295pt x 794.97pt>
File: MECH6325-FinalProject_handCalc.pdf Graphic file (type pdf)
<use MECH6325-FinalProject_handCalc.pdf, page 8>
Package pdftex.def Info: MECH6325-FinalProject_handCalc.pdf , page8 used on inp
ut line 896.
(pdftex.def)             Requested size: 614.58406pt x 795.3441pt.
File: MECH6325-FinalProject_handCalc.pdf Graphic file (type pdf)
<use MECH6325-FinalProject_handCalc.pdf, page 8>
Package pdftex.def Info: MECH6325-FinalProject_handCalc.pdf , page8 used on inp
ut line 896.
(pdftex.def)             Requested size: 614.58406pt x 795.3441pt.
File: MECH6325-FinalProject_handCalc.pdf Graphic file (type pdf)
<use MECH6325-FinalProject_handCalc.pdf, page 8>
Package pdftex.def Info: MECH6325-FinalProject_handCalc.pdf , page8 used on inp
ut line 896.
(pdftex.def)             Requested size: 614.58406pt x 795.3441pt.
[72 <./MECH6325-FinalProject_handCalc.pdf>]

pdfTeX warning: pdflatex.exe (file ./MECH6325-FinalProject_handCalc.pdf): PDF i
nclusion: found PDF version <1.7>, but at most version <1.5> allowed
<MECH6325-FinalProject_handCalc.pdf, id=1919, page=9, 614.295pt x 794.97pt>
File: MECH6325-FinalProject_handCalc.pdf Graphic file (type pdf)
<use MECH6325-FinalProject_handCalc.pdf, page 9>
Package pdftex.def Info: MECH6325-FinalProject_handCalc.pdf , page9 used on inp
ut line 896.
(pdftex.def)             Requested size: 614.58406pt x 795.3441pt.
File: MECH6325-FinalProject_handCalc.pdf Graphic file (type pdf)
<use MECH6325-FinalProject_handCalc.pdf, page 9>
Package pdftex.def Info: MECH6325-FinalProject_handCalc.pdf , page9 used on inp
ut line 896.
(pdftex.def)             Requested size: 614.58406pt x 795.3441pt.
File: MECH6325-FinalProject_handCalc.pdf Graphic file (type pdf)
<use MECH6325-FinalProject_handCalc.pdf, page 9>
Package pdftex.def Info: MECH6325-FinalProject_handCalc.pdf , page9 used on inp
ut line 896.
(pdftex.def)             Requested size: 614.58406pt x 795.3441pt.
[73 <./MECH6325-FinalProject_handCalc.pdf>]
Package atveryend Info: Empty hook `BeforeClearDocument' on input line 897.
Package atveryend Info: Empty hook `AfterLastShipout' on input line 897.
 (MECH6325-FinalProject.aux)
Package atveryend Info: Executing hook `AtVeryEndDocument' on input line 897.
Package atveryend Info: Executing hook `AtEndAfterFileList' on input line 897.
Package rerunfilecheck Info: File `MECH6325-FinalProject.out' has not changed.
(rerunfilecheck)             Checksum: FD54855834A0CBEBDE5D0B3E9B1876D7;3124.
Package atveryend Info: Empty hook `AtVeryVeryEnd' on input line 897.
 ) 
Here is how much of TeX's memory you used:
 22399 strings out of 492915
 383383 string characters out of 3124934
 567463 words of memory out of 3000000
 24617 multiletter control sequences out of 15000+200000
 544035 words of font info for 68 fonts, out of 3000000 for 9000
 1141 hyphenation exceptions out of 8191
 47i,20n,65p,681b,2016s stack positions out of 5000i,500n,10000p,200000b,50000s
 <C:\Users\Jonas\AppData\Local\MiKTeX\fonts/pk/ljfour/jknappen/ec/dpi600\tctt
1000.pk><C:/Users/Jonas/AppData/Local/Programs/MiKTeX 2.9/fonts/type1/public/am
sfonts/cm/cmbsy10.pfb><C:/Users/Jonas/AppData/Local/Programs/MiKTeX 2.9/fonts/t
ype1/public/amsfonts/cm/cmbx10.pfb><C:/Users/Jonas/AppData/Local/Programs/MiKTe
X 2.9/fonts/type1/public/amsfonts/cm/cmbx12.pfb><C:/Users/Jonas/AppData/Local/P
rograms/MiKTeX 2.9/fonts/type1/public/amsfonts/cm/cmbx9.pfb><C:/Users/Jonas/App
Data/Local/Programs/MiKTeX 2.9/fonts/type1/public/amsfonts/cm/cmex10.pfb><C:/Us
ers/Jonas/AppData/Local/Programs/MiKTeX 2.9/fonts/type1/public/amsfonts/cm/cmmi
10.pfb><C:/Users/Jonas/AppData/Local/Programs/MiKTeX 2.9/fonts/type1/public/ams
fonts/cm/cmmi5.pfb><C:/Users/Jonas/AppData/Local/Programs/MiKTeX 2.9/fonts/type
1/public/amsfonts/cm/cmmi7.pfb><C:/Users/Jonas/AppData/Local/Programs/MiKTeX 2.
9/fonts/type1/public/amsfonts/cm/cmr10.pfb><C:/Users/Jonas/AppData/Local/Progra
ms/MiKTeX 2.9/fonts/type1/public/amsfonts/cm/cmr12.pfb><C:/Users/Jonas/AppData/
Local/Programs/MiKTeX 2.9/fonts/type1/public/amsfonts/cm/cmr17.pfb><C:/Users/Jo
nas/AppData/Local/Programs/MiKTeX 2.9/fonts/type1/public/amsfonts/cm/cmr5.pfb><
C:/Users/Jonas/AppData/Local/Programs/MiKTeX 2.9/fonts/type1/public/amsfonts/cm
/cmr7.pfb><C:/Users/Jonas/AppData/Local/Programs/MiKTeX 2.9/fonts/type1/public/
amsfonts/cm/cmr9.pfb><C:/Users/Jonas/AppData/Local/Programs/MiKTeX 2.9/fonts/ty
pe1/public/amsfonts/cm/cmsy10.pfb><C:/Users/Jonas/AppData/Local/Programs/MiKTeX
 2.9/fonts/type1/public/amsfonts/cm/cmsy7.pfb><C:/Users/Jonas/AppData/Local/Pro
grams/MiKTeX 2.9/fonts/type1/public/amsfonts/cm/cmtt10.pfb>
Output written on MECH6325-FinalProject.pdf (73 pages, 8636108 bytes).
PDF statistics:
 2274 PDF objects out of 2487 (max. 8388607)
 1411 named destinations out of 1440 (max. 500000)
 520 words of extra memory for PDF output out of 10000 (max. 10000000)

